Using pre-set license
Built from '2020.3/release' branch; Version is '2020.3.7f1 (dd97f2c94397) revision 14522354'; Using compiler version '192528614'; Build Type 'Release'
OS: 'Windows 10 Enterprise; OS build 19041.685; Version 2004; 64bit' Language: 'en' Physical Memory: 16244 MB
BatchMode: 1, IsHumanControllingUs: 0, StartBugReporterOnCrash: 0, Is64bit: 1, IsPro: 0

 COMMAND LINE ARGUMENTS:
C:\Program Files\Unity\Hub\Editor\2020.3.7f1\Editor\Unity.exe
-adb2
-batchMode
-noUpm
-name
AssetImportWorker0
-projectPath
C:/Users/Alexander.Sousa/Unity/BlockadeRunner/BlockadeRunner
-logFile
Logs/AssetImportWorker0.log
-srvPort
50953
Successfully changed project path to: C:/Users/Alexander.Sousa/Unity/BlockadeRunner/BlockadeRunner
C:/Users/Alexander.Sousa/Unity/BlockadeRunner/BlockadeRunner
Using Asset Import Pipeline V2.
Refreshing native plugins compatible for Editor in 112.35 ms, found 2 plugins.
Preloading 0 native plugins for Editor in 0.00 ms.
Initialize engine version: 2020.3.7f1 (dd97f2c94397)
[Subsystems] Discovering subsystems at path C:/Program Files/Unity/Hub/Editor/2020.3.7f1/Editor/Data/Resources/UnitySubsystems
[Subsystems] Discovering subsystems at path C:/Users/Alexander.Sousa/Unity/BlockadeRunner/BlockadeRunner/Assets
GfxDevice: creating device client; threaded=0
Direct3D:
    Version:  Direct3D 11.0 [level 11.0]
    Renderer: NVIDIA Quadro M620 (ID=0x13b4)
    Vendor:   
    VRAM:     2010 MB
    Driver:   27.21.14.6230
Initialize mono
Mono path[0] = 'C:/Program Files/Unity/Hub/Editor/2020.3.7f1/Editor/Data/Managed'
Mono path[1] = 'C:/Program Files/Unity/Hub/Editor/2020.3.7f1/Editor/Data/MonoBleedingEdge/lib/mono/unityjit'
Mono config path = 'C:/Program Files/Unity/Hub/Editor/2020.3.7f1/Editor/Data/MonoBleedingEdge/etc'
Using monoOptions --debugger-agent=transport=dt_socket,embedding=1,server=y,suspend=n,address=127.0.0.1:56676
Begin MonoManager ReloadAssembly
Registering precompiled unity dll's ...
Register platform support module: C:/Program Files/Unity/Hub/Editor/2020.3.7f1/Editor/Data/PlaybackEngines/WebGLSupport/UnityEditor.WebGL.Extensions.dll
Register platform support module: C:/Program Files/Unity/Hub/Editor/2020.3.7f1/Editor/Data/PlaybackEngines/WindowsStandaloneSupport/UnityEditor.WindowsStandalone.Extensions.dll
Registered in 0.007005 seconds.
Native extension for WindowsStandalone target not found
Native extension for WebGL target not found
Refreshing native plugins compatible for Editor in 74.57 ms, found 2 plugins.
Preloading 0 native plugins for Editor in 0.00 ms.
Mono: successfully reloaded assembly
- Completed reload, in  2.805 seconds
Platform modules already initialized, skipping
Registering precompiled user dll's ...
Registered in 0.031102 seconds.
Begin MonoManager ReloadAssembly
Native extension for WindowsStandalone target not found
Native extension for WebGL target not found
Refreshing native plugins compatible for Editor in 0.61 ms, found 2 plugins.
Preloading 0 native plugins for Editor in 0.00 ms.
Mono: successfully reloaded assembly
- Completed reload, in  1.677 seconds
Platform modules already initialized, skipping
========================================================================
Worker process is ready to serve import requests
Launched and connected shader compiler UnityShaderCompiler.exe after 0.18 seconds
Refreshing native plugins compatible for Editor in 0.56 ms, found 2 plugins.
Preloading 0 native plugins for Editor in 0.00 ms.
Unloading 1685 Unused Serialized files (Serialized files now loaded: 0)
System memory in use before: 93.0 MB.
System memory in use after: 93.1 MB.

Unloading 21 unused Assets to reduce memory usage. Loaded Objects now: 2141.
Total: 4.026000 ms (FindLiveObjects: 0.255500 ms CreateObjectMapping: 0.085600 ms MarkObjects: 3.505800 ms  DeleteObjects: 0.176900 ms)

========================================================================
Received Import Request.
  path: Assets/Prefabs/Laser.prefab
  artifactKey: Guid(8d6cff780c4637645a7a1aea4995a609) Importer(815301076,1909f56bfc062723c751e8b465ee728b)
Start importing Assets/Prefabs/Laser.prefab using Guid(8d6cff780c4637645a7a1aea4995a609) Importer(815301076,1909f56bfc062723c751e8b465ee728b)  -> (artifact id: '96cfc1940014a62425f48508c3f37d33') in 0.203810 seconds
  Import took 0.208821 seconds .

========================================================================
Received Prepare
Registering precompiled user dll's ...
Registered in 0.039249 seconds.
Begin MonoManager ReloadAssembly
Native extension for WindowsStandalone target not found
Native extension for WebGL target not found
Refreshing native plugins compatible for Editor in 1.00 ms, found 2 plugins.
Preloading 0 native plugins for Editor in 0.00 ms.
Mono: successfully reloaded assembly
- Completed reload, in  1.724 seconds
Platform modules already initialized, skipping
Refreshing native plugins compatible for Editor in 0.58 ms, found 2 plugins.
Preloading 0 native plugins for Editor in 0.00 ms.
Unloading 1650 Unused Serialized files (Serialized files now loaded: 0)
System memory in use before: 93.2 MB.
System memory in use after: 93.3 MB.

Unloading 16 unused Assets to reduce memory usage. Loaded Objects now: 2152.
Total: 2.984500 ms (FindLiveObjects: 0.283100 ms CreateObjectMapping: 0.069800 ms MarkObjects: 2.500900 ms  DeleteObjects: 0.129100 ms)

========================================================================
Received Prepare
Registering precompiled user dll's ...
Registered in 0.027845 seconds.
Begin MonoManager ReloadAssembly
Native extension for WindowsStandalone target not found
Native extension for WebGL target not found
Refreshing native plugins compatible for Editor in 0.71 ms, found 2 plugins.
Preloading 0 native plugins for Editor in 0.00 ms.
Mono: successfully reloaded assembly
- Completed reload, in  1.628 seconds
Platform modules already initialized, skipping
Refreshing native plugins compatible for Editor in 0.46 ms, found 2 plugins.
Preloading 0 native plugins for Editor in 0.00 ms.
Unloading 1650 Unused Serialized files (Serialized files now loaded: 0)
System memory in use before: 93.3 MB.
System memory in use after: 93.3 MB.

Unloading 16 unused Assets to reduce memory usage. Loaded Objects now: 2155.
Total: 2.166600 ms (FindLiveObjects: 0.184300 ms CreateObjectMapping: 0.060400 ms MarkObjects: 1.810700 ms  DeleteObjects: 0.110100 ms)

========================================================================
Received Prepare
Registering precompiled user dll's ...
Registered in 0.029335 seconds.
Begin MonoManager ReloadAssembly
Native extension for WindowsStandalone target not found
Native extension for WebGL target not found
Refreshing native plugins compatible for Editor in 0.47 ms, found 2 plugins.
Preloading 0 native plugins for Editor in 0.00 ms.
Mono: successfully reloaded assembly
- Completed reload, in  1.532 seconds
Platform modules already initialized, skipping
Refreshing native plugins compatible for Editor in 0.50 ms, found 2 plugins.
Preloading 0 native plugins for Editor in 0.00 ms.
Unloading 1650 Unused Serialized files (Serialized files now loaded: 0)
System memory in use before: 93.3 MB.
System memory in use after: 93.4 MB.

Unloading 16 unused Assets to reduce memory usage. Loaded Objects now: 2158.
Total: 3.824300 ms (FindLiveObjects: 0.293600 ms CreateObjectMapping: 0.121200 ms MarkObjects: 3.262000 ms  DeleteObjects: 0.144600 ms)

========================================================================
Received Prepare
Registering precompiled user dll's ...
Registered in 0.028060 seconds.
Begin MonoManager ReloadAssembly
Native extension for WindowsStandalone target not found
Native extension for WebGL target not found
Refreshing native plugins compatible for Editor in 0.62 ms, found 2 plugins.
Preloading 0 native plugins for Editor in 0.00 ms.
Mono: successfully reloaded assembly
- Completed reload, in  2.148 seconds
Platform modules already initialized, skipping
Refreshing native plugins compatible for Editor in 0.50 ms, found 2 plugins.
Preloading 0 native plugins for Editor in 0.00 ms.
Unloading 1650 Unused Serialized files (Serialized files now loaded: 0)
System memory in use before: 93.3 MB.
System memory in use after: 93.4 MB.

Unloading 16 unused Assets to reduce memory usage. Loaded Objects now: 2161.
Total: 3.003800 ms (FindLiveObjects: 0.355800 ms CreateObjectMapping: 0.134800 ms MarkObjects: 2.411900 ms  DeleteObjects: 0.099400 ms)

========================================================================
Received Prepare
Registering precompiled user dll's ...
Registered in 0.023334 seconds.
Begin MonoManager ReloadAssembly
Native extension for WindowsStandalone target not found
Native extension for WebGL target not found
Refreshing native plugins compatible for Editor in 0.51 ms, found 2 plugins.
Preloading 0 native plugins for Editor in 0.00 ms.
Mono: successfully reloaded assembly
- Completed reload, in  1.658 seconds
Platform modules already initialized, skipping
Refreshing native plugins compatible for Editor in 0.50 ms, found 2 plugins.
Preloading 0 native plugins for Editor in 0.00 ms.
Unloading 1650 Unused Serialized files (Serialized files now loaded: 0)
System memory in use before: 93.3 MB.
System memory in use after: 93.4 MB.

Unloading 16 unused Assets to reduce memory usage. Loaded Objects now: 2164.
Total: 3.517800 ms (FindLiveObjects: 0.360500 ms CreateObjectMapping: 0.119100 ms MarkObjects: 2.895900 ms  DeleteObjects: 0.139400 ms)

========================================================================
Received Import Request.
  Time since last request: 863.285379 seconds.
  path: Assets/Cobble Games/Spaceship/Materials
  artifactKey: Guid(a93c47eb1725044459fde9adc6b3db0b) Importer(815301076,1909f56bfc062723c751e8b465ee728b)
Start importing Assets/Cobble Games/Spaceship/Materials using Guid(a93c47eb1725044459fde9adc6b3db0b) Importer(815301076,1909f56bfc062723c751e8b465ee728b)  -> (artifact id: '8877d575bdb6dc407f6c72ff50d51c49') in 0.020027 seconds
  Import took 0.025991 seconds .

========================================================================
Received Import Request.
  Time since last request: 18.373040 seconds.
  path: Assets/Vast Outer Space/Meshes/Asteroids.fbx
  artifactKey: Guid(38c445290885e384197c7c05e3d49f5f) Importer(815301076,1909f56bfc062723c751e8b465ee728b)
Start importing Assets/Vast Outer Space/Meshes/Asteroids.fbx using Guid(38c445290885e384197c7c05e3d49f5f) Importer(815301076,1909f56bfc062723c751e8b465ee728b)  -> (artifact id: '2a61fe83cda0f5b6dc260a60b09acad5') in 0.559092 seconds
  Import took 0.567702 seconds .

========================================================================
Received Import Request.
  Time since last request: 20.827039 seconds.
  path: Assets/Vast Outer Space/Materials/Nebula_A.mat
  artifactKey: Guid(b2363ca872fe93d4fb368bd198a51b15) Importer(815301076,1909f56bfc062723c751e8b465ee728b)
Start importing Assets/Vast Outer Space/Materials/Nebula_A.mat using Guid(b2363ca872fe93d4fb368bd198a51b15) Importer(815301076,1909f56bfc062723c751e8b465ee728b)  -> (artifact id: 'bc8eb573ebe5eeed50fa4f4ed805096b') in 0.096749 seconds
  Import took 0.103302 seconds .

========================================================================
Received Import Request.
  Time since last request: 0.011167 seconds.
  path: Assets/Vast Outer Space/Materials/Nebula_A.mat
  artifactKey: Guid(b2363ca872fe93d4fb368bd198a51b15) Importer(815301076,1909f56bfc062723c751e8b465ee728b)
Start importing Assets/Vast Outer Space/Materials/Nebula_A.mat using Guid(b2363ca872fe93d4fb368bd198a51b15) Importer(815301076,1909f56bfc062723c751e8b465ee728b)  -> (artifact id: 'bc8eb573ebe5eeed50fa4f4ed805096b') in 0.040303 seconds
  Import took 0.046371 seconds .

========================================================================
Received Import Request.
  Time since last request: 61.305710 seconds.
  path: Assets/Vast Outer Space/Materials/Star_Pink.mat
  artifactKey: Guid(2314828d16c3a43469160bcbc61f2a6b) Importer(815301076,1909f56bfc062723c751e8b465ee728b)
Start importing Assets/Vast Outer Space/Materials/Star_Pink.mat using Guid(2314828d16c3a43469160bcbc61f2a6b) Importer(815301076,1909f56bfc062723c751e8b465ee728b)  -> (artifact id: 'ca6fdae78c1c5ec62b510b9aad6566d5') in 0.042114 seconds
  Import took 0.048084 seconds .

========================================================================
Received Import Request.
  Time since last request: 0.013423 seconds.
  path: Assets/Vast Outer Space/Materials/Star_Pink.mat
  artifactKey: Guid(2314828d16c3a43469160bcbc61f2a6b) Importer(815301076,1909f56bfc062723c751e8b465ee728b)
Start importing Assets/Vast Outer Space/Materials/Star_Pink.mat using Guid(2314828d16c3a43469160bcbc61f2a6b) Importer(815301076,1909f56bfc062723c751e8b465ee728b)  -> (artifact id: 'ca6fdae78c1c5ec62b510b9aad6566d5') in 0.052656 seconds
  Import took 0.057705 seconds .

========================================================================
Received Prepare
Registering precompiled user dll's ...
Registered in 0.053024 seconds.
Begin MonoManager ReloadAssembly
Native extension for WindowsStandalone target not found
Native extension for WebGL target not found
Refreshing native plugins compatible for Editor in 0.45 ms, found 2 plugins.
Preloading 0 native plugins for Editor in 0.00 ms.
Mono: successfully reloaded assembly
- Completed reload, in  1.615 seconds
Platform modules already initialized, skipping
Refreshing native plugins compatible for Editor in 0.41 ms, found 2 plugins.
Preloading 0 native plugins for Editor in 0.00 ms.
Unloading 1651 Unused Serialized files (Serialized files now loaded: 0)
System memory in use before: 93.7 MB.
System memory in use after: 93.8 MB.

Unloading 16 unused Assets to reduce memory usage. Loaded Objects now: 2205.
Total: 3.031100 ms (FindLiveObjects: 0.393200 ms CreateObjectMapping: 0.095100 ms MarkObjects: 2.428700 ms  DeleteObjects: 0.111700 ms)

========================================================================
Received Prepare
Registering precompiled user dll's ...
Registered in 0.023409 seconds.
Begin MonoManager ReloadAssembly
Native extension for WindowsStandalone target not found
Native extension for WebGL target not found
Refreshing native plugins compatible for Editor in 0.42 ms, found 2 plugins.
Preloading 0 native plugins for Editor in 0.00 ms.
Mono: successfully reloaded assembly
- Completed reload, in  1.593 seconds
Platform modules already initialized, skipping
Refreshing native plugins compatible for Editor in 1.15 ms, found 2 plugins.
Preloading 0 native plugins for Editor in 0.00 ms.
Unloading 1651 Unused Serialized files (Serialized files now loaded: 0)
System memory in use before: 93.7 MB.
System memory in use after: 93.8 MB.

Unloading 16 unused Assets to reduce memory usage. Loaded Objects now: 2208.
Total: 2.386400 ms (FindLiveObjects: 0.248800 ms CreateObjectMapping: 0.071900 ms MarkObjects: 1.891600 ms  DeleteObjects: 0.172500 ms)

========================================================================
Received Prepare
Registering precompiled user dll's ...
Registered in 0.027765 seconds.
Begin MonoManager ReloadAssembly
Native extension for WindowsStandalone target not found
Native extension for WebGL target not found
Refreshing native plugins compatible for Editor in 0.42 ms, found 2 plugins.
Preloading 0 native plugins for Editor in 0.00 ms.
Mono: successfully reloaded assembly
- Completed reload, in  1.380 seconds
Platform modules already initialized, skipping
Refreshing native plugins compatible for Editor in 0.48 ms, found 2 plugins.
Preloading 0 native plugins for Editor in 0.00 ms.
Unloading 1651 Unused Serialized files (Serialized files now loaded: 0)
System memory in use before: 93.7 MB.
System memory in use after: 93.8 MB.

Unloading 16 unused Assets to reduce memory usage. Loaded Objects now: 2211.
Total: 3.576700 ms (FindLiveObjects: 0.241200 ms CreateObjectMapping: 0.064500 ms MarkObjects: 3.141400 ms  DeleteObjects: 0.128300 ms)

========================================================================
Received Prepare
Registering precompiled user dll's ...
Registered in 0.023448 seconds.
Begin MonoManager ReloadAssembly
Native extension for WindowsStandalone target not found
Native extension for WebGL target not found
Refreshing native plugins compatible for Editor in 0.42 ms, found 2 plugins.
Preloading 0 native plugins for Editor in 0.00 ms.
Mono: successfully reloaded assembly
- Completed reload, in  1.433 seconds
Platform modules already initialized, skipping
Refreshing native plugins compatible for Editor in 0.49 ms, found 2 plugins.
Preloading 0 native plugins for Editor in 0.00 ms.
Unloading 1651 Unused Serialized files (Serialized files now loaded: 0)
System memory in use before: 93.7 MB.
System memory in use after: 93.8 MB.

Unloading 16 unused Assets to reduce memory usage. Loaded Objects now: 2214.
Total: 5.364100 ms (FindLiveObjects: 0.661500 ms CreateObjectMapping: 0.315900 ms MarkObjects: 4.220200 ms  DeleteObjects: 0.158700 ms)

========================================================================
Received Prepare
Registering precompiled user dll's ...
Registered in 0.033933 seconds.
Begin MonoManager ReloadAssembly
Native extension for WindowsStandalone target not found
Native extension for WebGL target not found
Refreshing native plugins compatible for Editor in 0.71 ms, found 2 plugins.
Preloading 0 native plugins for Editor in 0.00 ms.
Mono: successfully reloaded assembly
- Completed reload, in  1.594 seconds
Platform modules already initialized, skipping
Refreshing native plugins compatible for Editor in 0.63 ms, found 2 plugins.
Preloading 0 native plugins for Editor in 0.00 ms.
Unloading 1651 Unused Serialized files (Serialized files now loaded: 0)
System memory in use before: 93.7 MB.
System memory in use after: 93.8 MB.

Unloading 16 unused Assets to reduce memory usage. Loaded Objects now: 2217.
Total: 2.341900 ms (FindLiveObjects: 0.204300 ms CreateObjectMapping: 0.060800 ms MarkObjects: 1.953300 ms  DeleteObjects: 0.122100 ms)

========================================================================
Received Import Request.
  Time since last request: 894.488341 seconds.
  path: Assets/Scripts/MissileScript.cs
  artifactKey: Guid(6042ae3101c7437418cc1eee885da8ce) Importer(815301076,1909f56bfc062723c751e8b465ee728b)
Start importing Assets/Scripts/MissileScript.cs using Guid(6042ae3101c7437418cc1eee885da8ce) Importer(815301076,1909f56bfc062723c751e8b465ee728b)  -> (artifact id: 'b32aabb47c8c099049d94196cc573565') in 0.027754 seconds
  Import took 0.034146 seconds .

========================================================================
Received Import Request.
  Time since last request: 0.004125 seconds.
  path: Assets/Scripts/MissileScript.cs
  artifactKey: Guid(6042ae3101c7437418cc1eee885da8ce) Importer(815301076,1909f56bfc062723c751e8b465ee728b)
Start importing Assets/Scripts/MissileScript.cs using Guid(6042ae3101c7437418cc1eee885da8ce) Importer(815301076,1909f56bfc062723c751e8b465ee728b)  -> (artifact id: 'b32aabb47c8c099049d94196cc573565') in 0.011453 seconds
  Import took 0.015140 seconds .

========================================================================
Received Prepare
Registering precompiled user dll's ...
Registered in 0.026183 seconds.
Begin MonoManager ReloadAssembly
Native extension for WindowsStandalone target not found
Native extension for WebGL target not found
Refreshing native plugins compatible for Editor in 0.89 ms, found 2 plugins.
Preloading 0 native plugins for Editor in 0.00 ms.
Mono: successfully reloaded assembly
- Completed reload, in  1.355 seconds
Platform modules already initialized, skipping
Refreshing native plugins compatible for Editor in 0.42 ms, found 2 plugins.
Preloading 0 native plugins for Editor in 0.00 ms.
Unloading 1650 Unused Serialized files (Serialized files now loaded: 0)
System memory in use before: 93.7 MB.
System memory in use after: 93.8 MB.

Unloading 17 unused Assets to reduce memory usage. Loaded Objects now: 2219.
Total: 4.658000 ms (FindLiveObjects: 0.790800 ms CreateObjectMapping: 0.245200 ms MarkObjects: 3.504800 ms  DeleteObjects: 0.114000 ms)

========================================================================
Received Import Request.
  Time since last request: 18.173221 seconds.
  path: Assets/EnemyShipAITest.cs
  artifactKey: Guid(9381cf679d7ce10428155a80a955fae7) Importer(815301076,1909f56bfc062723c751e8b465ee728b)
Start importing Assets/EnemyShipAITest.cs using Guid(9381cf679d7ce10428155a80a955fae7) Importer(815301076,1909f56bfc062723c751e8b465ee728b)  -> (artifact id: '45211eee139a5d2ac3d392e06ab85cae') in 0.018281 seconds
  Import took 0.025925 seconds .

========================================================================
Received Import Request.
  Time since last request: 1.356545 seconds.
  path: Assets/EnemyShipAI.cs
  artifactKey: Guid(9381cf679d7ce10428155a80a955fae7) Importer(815301076,1909f56bfc062723c751e8b465ee728b)
Start importing Assets/EnemyShipAI.cs using Guid(9381cf679d7ce10428155a80a955fae7) Importer(815301076,1909f56bfc062723c751e8b465ee728b)  -> (artifact id: '532b4235964d1f47b14d97dbc66106a4') in 0.011035 seconds
  Import took 0.017452 seconds .

========================================================================
Received Import Request.
  Time since last request: 0.831573 seconds.
  path: Assets/LaserTurretScript.cs
  artifactKey: Guid(8f3b4b20c83d43544a4b857a529c2b5b) Importer(815301076,1909f56bfc062723c751e8b465ee728b)
Start importing Assets/LaserTurretScript.cs using Guid(8f3b4b20c83d43544a4b857a529c2b5b) Importer(815301076,1909f56bfc062723c751e8b465ee728b)  -> (artifact id: '3a3cb8ff37495a4800fabe4e07d9b88e') in 0.012671 seconds
  Import took 0.019225 seconds .

========================================================================
Received Import Request.
  Time since last request: 0.003011 seconds.
  path: Assets/LaserTurretScript.cs
  artifactKey: Guid(8f3b4b20c83d43544a4b857a529c2b5b) Importer(815301076,1909f56bfc062723c751e8b465ee728b)
Start importing Assets/LaserTurretScript.cs using Guid(8f3b4b20c83d43544a4b857a529c2b5b) Importer(815301076,1909f56bfc062723c751e8b465ee728b)  -> (artifact id: '3a3cb8ff37495a4800fabe4e07d9b88e') in 0.019210 seconds
  Import took 0.023001 seconds .

========================================================================
Received Prepare
Registering precompiled user dll's ...
Registered in 0.022423 seconds.
Begin MonoManager ReloadAssembly
Native extension for WindowsStandalone target not found
Native extension for WebGL target not found
Refreshing native plugins compatible for Editor in 0.42 ms, found 2 plugins.
Preloading 0 native plugins for Editor in 0.00 ms.
Mono: successfully reloaded assembly
- Completed reload, in  1.574 seconds
Platform modules already initialized, skipping
Refreshing native plugins compatible for Editor in 0.72 ms, found 2 plugins.
Preloading 0 native plugins for Editor in 0.00 ms.
Unloading 1650 Unused Serialized files (Serialized files now loaded: 0)
System memory in use before: 93.7 MB.
System memory in use after: 93.8 MB.

Unloading 16 unused Assets to reduce memory usage. Loaded Objects now: 2222.
Total: 4.102100 ms (FindLiveObjects: 0.352100 ms CreateObjectMapping: 0.183000 ms MarkObjects: 3.439500 ms  DeleteObjects: 0.125700 ms)

========================================================================
Received Prepare
Registering precompiled user dll's ...
Registered in 0.026234 seconds.
Begin MonoManager ReloadAssembly
Native extension for WindowsStandalone target not found
Native extension for WebGL target not found
Refreshing native plugins compatible for Editor in 0.47 ms, found 2 plugins.
Preloading 0 native plugins for Editor in 0.00 ms.
Mono: successfully reloaded assembly
- Completed reload, in  1.454 seconds
Platform modules already initialized, skipping
Refreshing native plugins compatible for Editor in 0.42 ms, found 2 plugins.
Preloading 0 native plugins for Editor in 0.00 ms.
Unloading 1650 Unused Serialized files (Serialized files now loaded: 0)
System memory in use before: 93.7 MB.
System memory in use after: 93.8 MB.

Unloading 16 unused Assets to reduce memory usage. Loaded Objects now: 2225.
Total: 2.417100 ms (FindLiveObjects: 0.231000 ms CreateObjectMapping: 0.107500 ms MarkObjects: 1.943800 ms  DeleteObjects: 0.133800 ms)

========================================================================
Received Import Request.
  Time since last request: 17.597708 seconds.
  path: Assets/Scripts/V2ShipController.cs
  artifactKey: Guid(e50448d39c084d242b338ae764aadb7a) Importer(815301076,1909f56bfc062723c751e8b465ee728b)
Start importing Assets/Scripts/V2ShipController.cs using Guid(e50448d39c084d242b338ae764aadb7a) Importer(815301076,1909f56bfc062723c751e8b465ee728b)  -> (artifact id: 'a922c119ce384ab32dd090bf1909dc4f') in 0.015114 seconds
  Import took 0.019497 seconds .

========================================================================
Received Import Request.
  Time since last request: 5.424299 seconds.
  path: Assets/Scripts/ShipController.cs
  artifactKey: Guid(e50448d39c084d242b338ae764aadb7a) Importer(815301076,1909f56bfc062723c751e8b465ee728b)
Start importing Assets/Scripts/ShipController.cs using Guid(e50448d39c084d242b338ae764aadb7a) Importer(815301076,1909f56bfc062723c751e8b465ee728b)  -> (artifact id: '1df0edc9592f489a45fa4c56039a2186') in 0.011475 seconds
  Import took 0.020911 seconds .

========================================================================
Received Prepare
Registering precompiled user dll's ...
Registered in 0.022410 seconds.
Begin MonoManager ReloadAssembly
Native extension for WindowsStandalone target not found
Native extension for WebGL target not found
Refreshing native plugins compatible for Editor in 0.51 ms, found 2 plugins.
Preloading 0 native plugins for Editor in 0.00 ms.
Mono: successfully reloaded assembly
- Completed reload, in  1.437 seconds
Platform modules already initialized, skipping
Refreshing native plugins compatible for Editor in 0.50 ms, found 2 plugins.
Preloading 0 native plugins for Editor in 0.00 ms.
Unloading 1650 Unused Serialized files (Serialized files now loaded: 0)
System memory in use before: 93.7 MB.
System memory in use after: 93.8 MB.

Unloading 16 unused Assets to reduce memory usage. Loaded Objects now: 2228.
Total: 2.855700 ms (FindLiveObjects: 0.283000 ms CreateObjectMapping: 0.088900 ms MarkObjects: 2.350300 ms  DeleteObjects: 0.132400 ms)

========================================================================
Received Import Request.
  Time since last request: 15.464257 seconds.
  path: Assets/Scripts/asteroidScript.cs
  artifactKey: Guid(ab7a6eeced741354595dc8b6de0749e8) Importer(815301076,1909f56bfc062723c751e8b465ee728b)
Start importing Assets/Scripts/asteroidScript.cs using Guid(ab7a6eeced741354595dc8b6de0749e8) Importer(815301076,1909f56bfc062723c751e8b465ee728b)  -> (artifact id: '7b61e9293129bcb302b88a7aa9a5070d') in 0.016148 seconds
  Import took 0.020848 seconds .

========================================================================
Received Prepare
Registering precompiled user dll's ...
Registered in 0.033202 seconds.
Begin MonoManager ReloadAssembly
Native extension for WindowsStandalone target not found
Native extension for WebGL target not found
Refreshing native plugins compatible for Editor in 0.53 ms, found 2 plugins.
Preloading 0 native plugins for Editor in 0.00 ms.
Mono: successfully reloaded assembly
- Completed reload, in  2.193 seconds
Platform modules already initialized, skipping
Refreshing native plugins compatible for Editor in 1.51 ms, found 2 plugins.
Preloading 0 native plugins for Editor in 0.00 ms.
Unloading 1650 Unused Serialized files (Serialized files now loaded: 0)
System memory in use before: 93.7 MB.
System memory in use after: 93.8 MB.

Unloading 16 unused Assets to reduce memory usage. Loaded Objects now: 2231.
Total: 4.744900 ms (FindLiveObjects: 0.389400 ms CreateObjectMapping: 0.314500 ms MarkObjects: 3.880000 ms  DeleteObjects: 0.158200 ms)

========================================================================
Received Import Request.
  Time since last request: 154.120407 seconds.
  path: Assets/Scripts/EnemyShipAI.cs
  artifactKey: Guid(9381cf679d7ce10428155a80a955fae7) Importer(815301076,1909f56bfc062723c751e8b465ee728b)
Start importing Assets/Scripts/EnemyShipAI.cs using Guid(9381cf679d7ce10428155a80a955fae7) Importer(815301076,1909f56bfc062723c751e8b465ee728b)  -> (artifact id: '50ad6c1aaa32e46f978976c3a603f1d5') in 0.015382 seconds
  Import took 0.021470 seconds .

========================================================================
Received Import Request.
  Time since last request: 4.411877 seconds.
  path: Assets/Scripts/ShipController.cs
  artifactKey: Guid(e50448d39c084d242b338ae764aadb7a) Importer(815301076,1909f56bfc062723c751e8b465ee728b)
Start importing Assets/Scripts/ShipController.cs using Guid(e50448d39c084d242b338ae764aadb7a) Importer(815301076,1909f56bfc062723c751e8b465ee728b)  -> (artifact id: '127872d363992d9a0c340c5e1575bb57') in 0.013799 seconds
  Import took 0.019625 seconds .

========================================================================
Received Prepare
Registering precompiled user dll's ...
Registered in 0.030608 seconds.
Begin MonoManager ReloadAssembly
Native extension for WindowsStandalone target not found
Native extension for WebGL target not found
Refreshing native plugins compatible for Editor in 0.43 ms, found 2 plugins.
Preloading 0 native plugins for Editor in 0.00 ms.
Mono: successfully reloaded assembly
- Completed reload, in  1.387 seconds
Platform modules already initialized, skipping
Refreshing native plugins compatible for Editor in 0.52 ms, found 2 plugins.
Preloading 0 native plugins for Editor in 0.00 ms.
Unloading 1650 Unused Serialized files (Serialized files now loaded: 0)
System memory in use before: 93.7 MB.
System memory in use after: 93.8 MB.

Unloading 16 unused Assets to reduce memory usage. Loaded Objects now: 2234.
Total: 2.424000 ms (FindLiveObjects: 0.258800 ms CreateObjectMapping: 0.072800 ms MarkObjects: 1.996700 ms  DeleteObjects: 0.094400 ms)

========================================================================
Received Prepare
Registering precompiled user dll's ...
Registered in 0.033358 seconds.
Begin MonoManager ReloadAssembly
Native extension for WindowsStandalone target not found
Native extension for WebGL target not found
Refreshing native plugins compatible for Editor in 0.64 ms, found 2 plugins.
Preloading 0 native plugins for Editor in 0.00 ms.
Mono: successfully reloaded assembly
- Completed reload, in  1.795 seconds
Platform modules already initialized, skipping
Refreshing native plugins compatible for Editor in 0.49 ms, found 2 plugins.
Preloading 0 native plugins for Editor in 0.00 ms.
Unloading 1650 Unused Serialized files (Serialized files now loaded: 0)
System memory in use before: 93.8 MB.
System memory in use after: 93.8 MB.

Unloading 16 unused Assets to reduce memory usage. Loaded Objects now: 2237.
Total: 2.623900 ms (FindLiveObjects: 0.208400 ms CreateObjectMapping: 0.071100 ms MarkObjects: 2.232700 ms  DeleteObjects: 0.109900 ms)

========================================================================
Received Prepare
Registering precompiled user dll's ...
Registered in 0.027593 seconds.
Begin MonoManager ReloadAssembly
Native extension for WindowsStandalone target not found
Native extension for WebGL target not found
Refreshing native plugins compatible for Editor in 1.06 ms, found 2 plugins.
Preloading 0 native plugins for Editor in 0.00 ms.
Mono: successfully reloaded assembly
- Completed reload, in  1.606 seconds
Platform modules already initialized, skipping
Refreshing native plugins compatible for Editor in 0.46 ms, found 2 plugins.
Preloading 0 native plugins for Editor in 0.00 ms.
Unloading 1650 Unused Serialized files (Serialized files now loaded: 0)
System memory in use before: 93.8 MB.
System memory in use after: 93.8 MB.

Unloading 16 unused Assets to reduce memory usage. Loaded Objects now: 2240.
Total: 5.066500 ms (FindLiveObjects: 0.533100 ms CreateObjectMapping: 0.246700 ms MarkObjects: 4.177900 ms  DeleteObjects: 0.104800 ms)

========================================================================
Received Prepare
Registering precompiled user dll's ...
Registered in 0.031611 seconds.
Begin MonoManager ReloadAssembly
Native extension for WindowsStandalone target not found
Native extension for WebGL target not found
Refreshing native plugins compatible for Editor in 0.43 ms, found 2 plugins.
Preloading 0 native plugins for Editor in 0.00 ms.
Mono: successfully reloaded assembly
- Completed reload, in  1.564 seconds
Platform modules already initialized, skipping
Refreshing native plugins compatible for Editor in 1.25 ms, found 2 plugins.
Preloading 0 native plugins for Editor in 0.00 ms.
Unloading 1651 Unused Serialized files (Serialized files now loaded: 0)
System memory in use before: 93.8 MB.
System memory in use after: 93.9 MB.

Unloading 16 unused Assets to reduce memory usage. Loaded Objects now: 2244.
Total: 2.416900 ms (FindLiveObjects: 0.240700 ms CreateObjectMapping: 0.123600 ms MarkObjects: 1.924100 ms  DeleteObjects: 0.126700 ms)

========================================================================
Received Prepare
Registering precompiled user dll's ...
Registered in 0.030589 seconds.
Begin MonoManager ReloadAssembly
Native extension for WindowsStandalone target not found
Native extension for WebGL target not found
Refreshing native plugins compatible for Editor in 0.64 ms, found 2 plugins.
Preloading 0 native plugins for Editor in 0.00 ms.
Mono: successfully reloaded assembly
- Completed reload, in  1.643 seconds
Platform modules already initialized, skipping
Refreshing native plugins compatible for Editor in 0.48 ms, found 2 plugins.
Preloading 0 native plugins for Editor in 0.00 ms.
Unloading 1651 Unused Serialized files (Serialized files now loaded: 0)
System memory in use before: 93.8 MB.
System memory in use after: 93.9 MB.

Unloading 16 unused Assets to reduce memory usage. Loaded Objects now: 2247.
Total: 3.606400 ms (FindLiveObjects: 0.556900 ms CreateObjectMapping: 0.129000 ms MarkObjects: 2.810300 ms  DeleteObjects: 0.107800 ms)

========================================================================
Received Prepare
Registering precompiled user dll's ...
Registered in 0.058887 seconds.
Begin MonoManager ReloadAssembly
Native extension for WindowsStandalone target not found
Native extension for WebGL target not found
Refreshing native plugins compatible for Editor in 0.53 ms, found 2 plugins.
Preloading 0 native plugins for Editor in 0.00 ms.
Mono: successfully reloaded assembly
- Completed reload, in  1.644 seconds
Platform modules already initialized, skipping
Refreshing native plugins compatible for Editor in 0.43 ms, found 2 plugins.
Preloading 0 native plugins for Editor in 0.00 ms.
Unloading 1651 Unused Serialized files (Serialized files now loaded: 0)
System memory in use before: 93.8 MB.
System memory in use after: 93.9 MB.

Unloading 16 unused Assets to reduce memory usage. Loaded Objects now: 2250.
Total: 2.342800 ms (FindLiveObjects: 0.217400 ms CreateObjectMapping: 0.065100 ms MarkObjects: 1.968000 ms  DeleteObjects: 0.091100 ms)

========================================================================
Received Import Request.
  Time since last request: 1525.710244 seconds.
  path: Assets/Scripts/outterGoalScript.cs
  artifactKey: Guid(e1033d918c1d8e14a98d7a11ff389f12) Importer(815301076,1909f56bfc062723c751e8b465ee728b)
Start importing Assets/Scripts/outterGoalScript.cs using Guid(e1033d918c1d8e14a98d7a11ff389f12) Importer(815301076,1909f56bfc062723c751e8b465ee728b)  -> (artifact id: 'ef5e65be9f0247e2bd591f7276e32b72') in 0.014037 seconds
  Import took 0.019811 seconds .

========================================================================
Received Prepare
Registering precompiled user dll's ...
Registered in 0.028757 seconds.
Begin MonoManager ReloadAssembly
Native extension for WindowsStandalone target not found
Native extension for WebGL target not found
Refreshing native plugins compatible for Editor in 0.42 ms, found 2 plugins.
Preloading 0 native plugins for Editor in 0.00 ms.
Mono: successfully reloaded assembly
- Completed reload, in  1.318 seconds
Platform modules already initialized, skipping
Refreshing native plugins compatible for Editor in 0.42 ms, found 2 plugins.
Preloading 0 native plugins for Editor in 0.00 ms.
Unloading 1651 Unused Serialized files (Serialized files now loaded: 0)
System memory in use before: 93.8 MB.
System memory in use after: 93.9 MB.

Unloading 16 unused Assets to reduce memory usage. Loaded Objects now: 2253.
Total: 2.777000 ms (FindLiveObjects: 0.322600 ms CreateObjectMapping: 0.096200 ms MarkObjects: 2.257700 ms  DeleteObjects: 0.099400 ms)

========================================================================
Received Import Request.
  Time since last request: 8.619889 seconds.
  path: Assets/Scripts/goalScript.cs
  artifactKey: Guid(29e6e77f7919ce3478f6a4d19c00d7e9) Importer(815301076,1909f56bfc062723c751e8b465ee728b)
Start importing Assets/Scripts/goalScript.cs using Guid(29e6e77f7919ce3478f6a4d19c00d7e9) Importer(815301076,1909f56bfc062723c751e8b465ee728b)  -> (artifact id: '04a84d2a2840c2cc0916e37140dae263') in 0.017167 seconds
  Import took 0.023780 seconds .

========================================================================
Received Import Request.
  Time since last request: 2.849368 seconds.
  path: Assets/Scripts/innerGoalScript.cs
  artifactKey: Guid(29e6e77f7919ce3478f6a4d19c00d7e9) Importer(815301076,1909f56bfc062723c751e8b465ee728b)
Start importing Assets/Scripts/innerGoalScript.cs using Guid(29e6e77f7919ce3478f6a4d19c00d7e9) Importer(815301076,1909f56bfc062723c751e8b465ee728b)  -> (artifact id: 'd8c59c25f5000abf7dd8c4cfa751d01a') in 0.013864 seconds
  Import took 0.022781 seconds .

========================================================================
Received Prepare
Registering precompiled user dll's ...
Registered in 0.024085 seconds.
Begin MonoManager ReloadAssembly
Native extension for WindowsStandalone target not found
Native extension for WebGL target not found
Refreshing native plugins compatible for Editor in 0.56 ms, found 2 plugins.
Preloading 0 native plugins for Editor in 0.00 ms.
Mono: successfully reloaded assembly
- Completed reload, in  1.595 seconds
Platform modules already initialized, skipping
Refreshing native plugins compatible for Editor in 0.46 ms, found 2 plugins.
Preloading 0 native plugins for Editor in 0.00 ms.
Unloading 1651 Unused Serialized files (Serialized files now loaded: 0)
System memory in use before: 93.8 MB.
System memory in use after: 93.9 MB.

Unloading 16 unused Assets to reduce memory usage. Loaded Objects now: 2256.
Total: 3.053200 ms (FindLiveObjects: 0.323100 ms CreateObjectMapping: 0.114400 ms MarkObjects: 2.451500 ms  DeleteObjects: 0.162500 ms)

========================================================================
Received Import Request.
  Time since last request: 11.486639 seconds.
  path: Assets/Scripts/HomingMissile.cs
  artifactKey: Guid(b7c510eedcf1b8d4dad85b570b7a83ac) Importer(815301076,1909f56bfc062723c751e8b465ee728b)
Start importing Assets/Scripts/HomingMissile.cs using Guid(b7c510eedcf1b8d4dad85b570b7a83ac) Importer(815301076,1909f56bfc062723c751e8b465ee728b)  -> (artifact id: 'fccbfedffe8e78c96113c23ff8d5ed1a') in 0.018017 seconds
  Import took 0.022881 seconds .

========================================================================
Received Import Request.
  Time since last request: 0.003978 seconds.
  path: Assets/Scripts/HomingMissile.cs
  artifactKey: Guid(b7c510eedcf1b8d4dad85b570b7a83ac) Importer(815301076,1909f56bfc062723c751e8b465ee728b)
Start importing Assets/Scripts/HomingMissile.cs using Guid(b7c510eedcf1b8d4dad85b570b7a83ac) Importer(815301076,1909f56bfc062723c751e8b465ee728b)  -> (artifact id: 'fccbfedffe8e78c96113c23ff8d5ed1a') in 0.014180 seconds
  Import took 0.022768 seconds .

========================================================================
Received Import Request.
  Time since last request: 41.296836 seconds.
  path: Assets/Scripts/machineGun.cs
  artifactKey: Guid(f70d80b0ff66c1949a08064312f0e69a) Importer(815301076,1909f56bfc062723c751e8b465ee728b)
Start importing Assets/Scripts/machineGun.cs using Guid(f70d80b0ff66c1949a08064312f0e69a) Importer(815301076,1909f56bfc062723c751e8b465ee728b)  -> (artifact id: '0758f9182e5973bb12aa95b77c8ae1ab') in 0.013379 seconds
  Import took 0.020477 seconds .

========================================================================
Received Prepare
Registering precompiled user dll's ...
Registered in 0.027556 seconds.
Begin MonoManager ReloadAssembly
Native extension for WindowsStandalone target not found
Native extension for WebGL target not found
Refreshing native plugins compatible for Editor in 0.46 ms, found 2 plugins.
Preloading 0 native plugins for Editor in 0.00 ms.
Mono: successfully reloaded assembly
- Completed reload, in  1.552 seconds
Platform modules already initialized, skipping
Refreshing native plugins compatible for Editor in 0.53 ms, found 2 plugins.
Preloading 0 native plugins for Editor in 0.00 ms.
Unloading 1650 Unused Serialized files (Serialized files now loaded: 0)
System memory in use before: 93.8 MB.
System memory in use after: 93.9 MB.

Unloading 17 unused Assets to reduce memory usage. Loaded Objects now: 2258.
Total: 2.934700 ms (FindLiveObjects: 0.369000 ms CreateObjectMapping: 0.085700 ms MarkObjects: 2.388600 ms  DeleteObjects: 0.089400 ms)

========================================================================
Received Import Request.
  Time since last request: 12.806201 seconds.
  path: Assets/Scripts/GoalScript.cs
  artifactKey: Guid(29e6e77f7919ce3478f6a4d19c00d7e9) Importer(815301076,1909f56bfc062723c751e8b465ee728b)
Start importing Assets/Scripts/GoalScript.cs using Guid(29e6e77f7919ce3478f6a4d19c00d7e9) Importer(815301076,1909f56bfc062723c751e8b465ee728b)  -> (artifact id: 'b679782155048385e7d0048104752ee0') in 0.012345 seconds
  Import took 0.016654 seconds .

========================================================================
Received Prepare
Registering precompiled user dll's ...
Registered in 0.073461 seconds.
Begin MonoManager ReloadAssembly
Native extension for WindowsStandalone target not found
Native extension for WebGL target not found
Refreshing native plugins compatible for Editor in 0.49 ms, found 2 plugins.
Preloading 0 native plugins for Editor in 0.00 ms.
Mono: successfully reloaded assembly
- Completed reload, in  1.702 seconds
Platform modules already initialized, skipping
Refreshing native plugins compatible for Editor in 0.46 ms, found 2 plugins.
Preloading 0 native plugins for Editor in 0.00 ms.
Unloading 1650 Unused Serialized files (Serialized files now loaded: 0)
System memory in use before: 93.8 MB.
System memory in use after: 93.9 MB.

Unloading 16 unused Assets to reduce memory usage. Loaded Objects now: 2261.
Total: 2.844800 ms (FindLiveObjects: 0.422800 ms CreateObjectMapping: 0.137800 ms MarkObjects: 2.191300 ms  DeleteObjects: 0.091600 ms)

========================================================================
Received Prepare
Registering precompiled user dll's ...
Registered in 0.027363 seconds.
Begin MonoManager ReloadAssembly
Native extension for WindowsStandalone target not found
Native extension for WebGL target not found
Refreshing native plugins compatible for Editor in 0.46 ms, found 2 plugins.
Preloading 0 native plugins for Editor in 0.00 ms.
Mono: successfully reloaded assembly
- Completed reload, in  1.722 seconds
Platform modules already initialized, skipping
Refreshing native plugins compatible for Editor in 0.77 ms, found 2 plugins.
Preloading 0 native plugins for Editor in 0.00 ms.
Unloading 1650 Unused Serialized files (Serialized files now loaded: 0)
System memory in use before: 93.8 MB.
System memory in use after: 93.9 MB.

Unloading 16 unused Assets to reduce memory usage. Loaded Objects now: 2264.
Total: 4.776100 ms (FindLiveObjects: 0.469600 ms CreateObjectMapping: 0.291500 ms MarkObjects: 3.915500 ms  DeleteObjects: 0.097700 ms)

========================================================================
Received Import Request.
  Time since last request: 40.148146 seconds.
  path: Assets/Scripts/GoalScript.cs
  artifactKey: Guid(29e6e77f7919ce3478f6a4d19c00d7e9) Importer(815301076,1909f56bfc062723c751e8b465ee728b)
Start importing Assets/Scripts/GoalScript.cs using Guid(29e6e77f7919ce3478f6a4d19c00d7e9) Importer(815301076,1909f56bfc062723c751e8b465ee728b)  -> (artifact id: 'cf17d3940c6e475109b9ba0fa43ad037') in 0.011894 seconds
  Import took 0.018503 seconds .

========================================================================
Received Import Request.
  Time since last request: 1.854677 seconds.
  path: Assets/Scripts/GoalScript.cs
  artifactKey: Guid(29e6e77f7919ce3478f6a4d19c00d7e9) Importer(815301076,1909f56bfc062723c751e8b465ee728b)
Start importing Assets/Scripts/GoalScript.cs using Guid(29e6e77f7919ce3478f6a4d19c00d7e9) Importer(815301076,1909f56bfc062723c751e8b465ee728b)  -> (artifact id: 'cf17d3940c6e475109b9ba0fa43ad037') in 0.013542 seconds
  Import took 0.017337 seconds .

========================================================================
Received Prepare
Registering precompiled user dll's ...
Registered in 0.080755 seconds.
Begin MonoManager ReloadAssembly
Native extension for WindowsStandalone target not found
Native extension for WebGL target not found
Refreshing native plugins compatible for Editor in 0.50 ms, found 2 plugins.
Preloading 0 native plugins for Editor in 0.00 ms.
Mono: successfully reloaded assembly
- Completed reload, in  2.041 seconds
Platform modules already initialized, skipping
Refreshing native plugins compatible for Editor in 0.82 ms, found 2 plugins.
Preloading 0 native plugins for Editor in 0.00 ms.
Unloading 1650 Unused Serialized files (Serialized files now loaded: 0)
System memory in use before: 93.8 MB.
System memory in use after: 93.9 MB.

Unloading 16 unused Assets to reduce memory usage. Loaded Objects now: 2267.
Total: 4.060200 ms (FindLiveObjects: 0.438900 ms CreateObjectMapping: 0.151400 ms MarkObjects: 3.321100 ms  DeleteObjects: 0.145800 ms)

========================================================================
Received Prepare
Registering precompiled user dll's ...
Registered in 0.037108 seconds.
Begin MonoManager ReloadAssembly
Native extension for WindowsStandalone target not found
Native extension for WebGL target not found
Refreshing native plugins compatible for Editor in 0.53 ms, found 2 plugins.
Preloading 0 native plugins for Editor in 0.00 ms.
Mono: successfully reloaded assembly
- Completed reload, in  2.000 seconds
Platform modules already initialized, skipping
Refreshing native plugins compatible for Editor in 0.51 ms, found 2 plugins.
Preloading 0 native plugins for Editor in 0.00 ms.
Unloading 1650 Unused Serialized files (Serialized files now loaded: 0)
System memory in use before: 93.8 MB.
System memory in use after: 93.9 MB.

Unloading 16 unused Assets to reduce memory usage. Loaded Objects now: 2270.
Total: 3.150400 ms (FindLiveObjects: 0.375000 ms CreateObjectMapping: 0.116900 ms MarkObjects: 2.524500 ms  DeleteObjects: 0.132200 ms)

========================================================================
Received Prepare
Registering precompiled user dll's ...
Registered in 0.032682 seconds.
Begin MonoManager ReloadAssembly
Native extension for WindowsStandalone target not found
Native extension for WebGL target not found
Refreshing native plugins compatible for Editor in 0.76 ms, found 2 plugins.
Preloading 0 native plugins for Editor in 0.00 ms.
Mono: successfully reloaded assembly
- Completed reload, in  2.089 seconds
Platform modules already initialized, skipping
Refreshing native plugins compatible for Editor in 0.46 ms, found 2 plugins.
Preloading 0 native plugins for Editor in 0.00 ms.
Unloading 1650 Unused Serialized files (Serialized files now loaded: 0)
System memory in use before: 93.8 MB.
System memory in use after: 93.9 MB.

Unloading 16 unused Assets to reduce memory usage. Loaded Objects now: 2273.
Total: 2.723700 ms (FindLiveObjects: 0.261200 ms CreateObjectMapping: 0.067100 ms MarkObjects: 2.296400 ms  DeleteObjects: 0.097600 ms)

========================================================================
Received Prepare
Registering precompiled user dll's ...
Registered in 0.055683 seconds.
Begin MonoManager ReloadAssembly
Native extension for WindowsStandalone target not found
Native extension for WebGL target not found
Refreshing native plugins compatible for Editor in 0.47 ms, found 2 plugins.
Preloading 0 native plugins for Editor in 0.00 ms.
Mono: successfully reloaded assembly
- Completed reload, in  1.552 seconds
Platform modules already initialized, skipping
Refreshing native plugins compatible for Editor in 0.46 ms, found 2 plugins.
Preloading 0 native plugins for Editor in 0.00 ms.
Unloading 1650 Unused Serialized files (Serialized files now loaded: 0)
System memory in use before: 93.8 MB.
System memory in use after: 93.9 MB.

Unloading 16 unused Assets to reduce memory usage. Loaded Objects now: 2276.
Total: 2.803700 ms (FindLiveObjects: 0.232300 ms CreateObjectMapping: 0.085900 ms MarkObjects: 2.341900 ms  DeleteObjects: 0.142100 ms)

========================================================================
Received Prepare
Registering precompiled user dll's ...
Registered in 0.026460 seconds.
Begin MonoManager ReloadAssembly
Native extension for WindowsStandalone target not found
Native extension for WebGL target not found
Refreshing native plugins compatible for Editor in 0.62 ms, found 2 plugins.
Preloading 0 native plugins for Editor in 0.00 ms.
Mono: successfully reloaded assembly
- Completed reload, in  1.612 seconds
Platform modules already initialized, skipping
Refreshing native plugins compatible for Editor in 0.46 ms, found 2 plugins.
Preloading 0 native plugins for Editor in 0.00 ms.
Unloading 1650 Unused Serialized files (Serialized files now loaded: 0)
System memory in use before: 93.8 MB.
System memory in use after: 93.9 MB.

Unloading 16 unused Assets to reduce memory usage. Loaded Objects now: 2279.
Total: 3.129500 ms (FindLiveObjects: 0.268000 ms CreateObjectMapping: 0.109400 ms MarkObjects: 2.637900 ms  DeleteObjects: 0.110900 ms)

========================================================================
Received Prepare
Registering precompiled user dll's ...
Registered in 0.028388 seconds.
Begin MonoManager ReloadAssembly
Native extension for WindowsStandalone target not found
Native extension for WebGL target not found
Refreshing native plugins compatible for Editor in 0.80 ms, found 2 plugins.
Preloading 0 native plugins for Editor in 0.00 ms.
Mono: successfully reloaded assembly
- Completed reload, in  1.506 seconds
Platform modules already initialized, skipping
Refreshing native plugins compatible for Editor in 0.43 ms, found 2 plugins.
Preloading 0 native plugins for Editor in 0.00 ms.
Unloading 1650 Unused Serialized files (Serialized files now loaded: 0)
System memory in use before: 93.8 MB.
System memory in use after: 93.9 MB.

Unloading 16 unused Assets to reduce memory usage. Loaded Objects now: 2282.
Total: 2.561000 ms (FindLiveObjects: 0.281100 ms CreateObjectMapping: 0.079600 ms MarkObjects: 2.117900 ms  DeleteObjects: 0.080600 ms)

========================================================================
Received Prepare
Registering precompiled user dll's ...
Registered in 0.024295 seconds.
Begin MonoManager ReloadAssembly
Native extension for WindowsStandalone target not found
Native extension for WebGL target not found
Refreshing native plugins compatible for Editor in 0.43 ms, found 2 plugins.
Preloading 0 native plugins for Editor in 0.00 ms.
Mono: successfully reloaded assembly
- Completed reload, in  1.384 seconds
Platform modules already initialized, skipping
Refreshing native plugins compatible for Editor in 0.45 ms, found 2 plugins.
Preloading 0 native plugins for Editor in 0.00 ms.
Unloading 1650 Unused Serialized files (Serialized files now loaded: 0)
System memory in use before: 93.8 MB.
System memory in use after: 93.9 MB.

Unloading 16 unused Assets to reduce memory usage. Loaded Objects now: 2285.
Total: 2.605600 ms (FindLiveObjects: 0.329900 ms CreateObjectMapping: 0.119900 ms MarkObjects: 2.024300 ms  DeleteObjects: 0.130000 ms)

========================================================================
Received Prepare
Registering precompiled user dll's ...
Registered in 0.051083 seconds.
Begin MonoManager ReloadAssembly
Native extension for WindowsStandalone target not found
Native extension for WebGL target not found
Refreshing native plugins compatible for Editor in 0.56 ms, found 2 plugins.
Preloading 0 native plugins for Editor in 0.00 ms.
Mono: successfully reloaded assembly
- Completed reload, in  1.508 seconds
Platform modules already initialized, skipping
Refreshing native plugins compatible for Editor in 0.44 ms, found 2 plugins.
Preloading 0 native plugins for Editor in 0.00 ms.
Unloading 1650 Unused Serialized files (Serialized files now loaded: 0)
System memory in use before: 93.9 MB.
System memory in use after: 94.0 MB.

Unloading 16 unused Assets to reduce memory usage. Loaded Objects now: 2288.
Total: 2.685500 ms (FindLiveObjects: 0.320300 ms CreateObjectMapping: 0.097400 ms MarkObjects: 2.152400 ms  DeleteObjects: 0.111600 ms)

========================================================================
Received Prepare
Registering precompiled user dll's ...
Registered in 0.024031 seconds.
Begin MonoManager ReloadAssembly
Native extension for WindowsStandalone target not found
Native extension for WebGL target not found
Refreshing native plugins compatible for Editor in 0.53 ms, found 2 plugins.
Preloading 0 native plugins for Editor in 0.00 ms.
Mono: successfully reloaded assembly
- Completed reload, in  1.518 seconds
Platform modules already initialized, skipping
Refreshing native plugins compatible for Editor in 0.45 ms, found 2 plugins.
Preloading 0 native plugins for Editor in 0.00 ms.
Unloading 1650 Unused Serialized files (Serialized files now loaded: 0)
System memory in use before: 93.9 MB.
System memory in use after: 94.0 MB.

Unloading 16 unused Assets to reduce memory usage. Loaded Objects now: 2291.
Total: 5.593200 ms (FindLiveObjects: 0.518600 ms CreateObjectMapping: 0.177200 ms MarkObjects: 4.708400 ms  DeleteObjects: 0.185900 ms)

========================================================================
Received Prepare
Registering precompiled user dll's ...
Registered in 0.028050 seconds.
Begin MonoManager ReloadAssembly
Native extension for WindowsStandalone target not found
Native extension for WebGL target not found
Refreshing native plugins compatible for Editor in 0.50 ms, found 2 plugins.
Preloading 0 native plugins for Editor in 0.00 ms.
Mono: successfully reloaded assembly
- Completed reload, in  1.459 seconds
Platform modules already initialized, skipping
Refreshing native plugins compatible for Editor in 0.46 ms, found 2 plugins.
Preloading 0 native plugins for Editor in 0.00 ms.
Unloading 1650 Unused Serialized files (Serialized files now loaded: 0)
System memory in use before: 93.9 MB.
System memory in use after: 94.0 MB.

Unloading 16 unused Assets to reduce memory usage. Loaded Objects now: 2294.
Total: 2.668900 ms (FindLiveObjects: 0.409700 ms CreateObjectMapping: 0.083200 ms MarkObjects: 2.045700 ms  DeleteObjects: 0.129000 ms)

========================================================================
Received Prepare
Registering precompiled user dll's ...
Registered in 0.031554 seconds.
Begin MonoManager ReloadAssembly
Native extension for WindowsStandalone target not found
Native extension for WebGL target not found
Refreshing native plugins compatible for Editor in 0.81 ms, found 2 plugins.
Preloading 0 native plugins for Editor in 0.00 ms.
Mono: successfully reloaded assembly
- Completed reload, in  1.521 seconds
Platform modules already initialized, skipping
Refreshing native plugins compatible for Editor in 0.47 ms, found 2 plugins.
Preloading 0 native plugins for Editor in 0.00 ms.
Unloading 1650 Unused Serialized files (Serialized files now loaded: 0)
System memory in use before: 94.0 MB.
System memory in use after: 94.0 MB.

Unloading 16 unused Assets to reduce memory usage. Loaded Objects now: 2297.
Total: 3.066500 ms (FindLiveObjects: 0.284700 ms CreateObjectMapping: 0.141200 ms MarkObjects: 2.546600 ms  DeleteObjects: 0.092800 ms)

========================================================================
Received Prepare
Registering precompiled user dll's ...
Registered in 0.026375 seconds.
Begin MonoManager ReloadAssembly
Native extension for WindowsStandalone target not found
Native extension for WebGL target not found
Refreshing native plugins compatible for Editor in 0.54 ms, found 2 plugins.
Preloading 0 native plugins for Editor in 0.00 ms.
Mono: successfully reloaded assembly
- Completed reload, in  1.804 seconds
Platform modules already initialized, skipping
Refreshing native plugins compatible for Editor in 0.48 ms, found 2 plugins.
Preloading 0 native plugins for Editor in 0.00 ms.
Unloading 1651 Unused Serialized files (Serialized files now loaded: 0)
System memory in use before: 94.0 MB.
System memory in use after: 94.1 MB.

Unloading 16 unused Assets to reduce memory usage. Loaded Objects now: 2301.
Total: 3.055000 ms (FindLiveObjects: 0.434400 ms CreateObjectMapping: 0.158100 ms MarkObjects: 2.326100 ms  DeleteObjects: 0.134900 ms)

========================================================================
Received Prepare
Registering precompiled user dll's ...
Registered in 0.027110 seconds.
Begin MonoManager ReloadAssembly
Native extension for WindowsStandalone target not found
Native extension for WebGL target not found
Refreshing native plugins compatible for Editor in 0.46 ms, found 2 plugins.
Preloading 0 native plugins for Editor in 0.00 ms.
Mono: successfully reloaded assembly
- Completed reload, in  1.514 seconds
Platform modules already initialized, skipping
Refreshing native plugins compatible for Editor in 0.55 ms, found 2 plugins.
Preloading 0 native plugins for Editor in 0.00 ms.
Unloading 1651 Unused Serialized files (Serialized files now loaded: 0)
System memory in use before: 94.0 MB.
System memory in use after: 94.1 MB.

Unloading 16 unused Assets to reduce memory usage. Loaded Objects now: 2304.
Total: 2.340300 ms (FindLiveObjects: 0.238600 ms CreateObjectMapping: 0.047500 ms MarkObjects: 1.915600 ms  DeleteObjects: 0.135400 ms)

========================================================================
Received Import Request.
  Time since last request: 967.646789 seconds.
  path: ProjectSettings/TagManager.asset
  artifactKey: Guid(00000000000000003000000000000000) Importer(815301076,1909f56bfc062723c751e8b465ee728b)
Start importing ProjectSettings/TagManager.asset using Guid(00000000000000003000000000000000) Importer(815301076,1909f56bfc062723c751e8b465ee728b)  -> (artifact id: 'cdaa7a0803f5a43fa64635170aacce22') in 0.034264 seconds
  Import took 0.039035 seconds .

========================================================================
Received Import Request.
  Time since last request: 125.461918 seconds.
  path: Assets/score.cs
  artifactKey: Guid(18fa94ad94041874f982b7c61e540dad) Importer(815301076,1909f56bfc062723c751e8b465ee728b)
Start importing Assets/score.cs using Guid(18fa94ad94041874f982b7c61e540dad) Importer(815301076,1909f56bfc062723c751e8b465ee728b)  -> (artifact id: '7fc9f63baf5f61a37096645bf9b78379') in 0.012359 seconds
  Import took 0.016972 seconds .

========================================================================
Received Import Request.
  Time since last request: 0.002324 seconds.
  path: Assets/score.cs
  artifactKey: Guid(18fa94ad94041874f982b7c61e540dad) Importer(815301076,1909f56bfc062723c751e8b465ee728b)
Start importing Assets/score.cs using Guid(18fa94ad94041874f982b7c61e540dad) Importer(815301076,1909f56bfc062723c751e8b465ee728b)  -> (artifact id: '7fc9f63baf5f61a37096645bf9b78379') in 0.010304 seconds
  Import took 0.016258 seconds .

========================================================================
Received Import Request.
  Time since last request: 5.557563 seconds.
  path: Assets/GameManager.cs
  artifactKey: Guid(18fa94ad94041874f982b7c61e540dad) Importer(815301076,1909f56bfc062723c751e8b465ee728b)
Start importing Assets/GameManager.cs using Guid(18fa94ad94041874f982b7c61e540dad) Importer(815301076,1909f56bfc062723c751e8b465ee728b)  -> (artifact id: '83083fa370b1894b902ecfe644dbf74d') in 0.016699 seconds
  Import took 0.025382 seconds .

========================================================================
Received Prepare
Registering precompiled user dll's ...
Registered in 0.117320 seconds.
Begin MonoManager ReloadAssembly
Native extension for WindowsStandalone target not found
Native extension for WebGL target not found
Refreshing native plugins compatible for Editor in 0.45 ms, found 2 plugins.
Preloading 0 native plugins for Editor in 0.00 ms.
Mono: successfully reloaded assembly
- Completed reload, in  1.671 seconds
Platform modules already initialized, skipping
Refreshing native plugins compatible for Editor in 0.63 ms, found 2 plugins.
Preloading 0 native plugins for Editor in 0.00 ms.
Unloading 1651 Unused Serialized files (Serialized files now loaded: 0)
System memory in use before: 94.0 MB.
System memory in use after: 94.1 MB.

Unloading 17 unused Assets to reduce memory usage. Loaded Objects now: 2307.
Total: 2.904000 ms (FindLiveObjects: 0.244200 ms CreateObjectMapping: 0.143800 ms MarkObjects: 2.355200 ms  DeleteObjects: 0.159900 ms)

========================================================================
Received Prepare
Registering precompiled user dll's ...
Registered in 0.022427 seconds.
Begin MonoManager ReloadAssembly
Native extension for WindowsStandalone target not found
Native extension for WebGL target not found
Refreshing native plugins compatible for Editor in 1.98 ms, found 2 plugins.
Preloading 0 native plugins for Editor in 0.00 ms.
Mono: successfully reloaded assembly
- Completed reload, in  1.827 seconds
Platform modules already initialized, skipping
Refreshing native plugins compatible for Editor in 0.97 ms, found 2 plugins.
Preloading 0 native plugins for Editor in 0.00 ms.
Unloading 1651 Unused Serialized files (Serialized files now loaded: 0)
System memory in use before: 94.0 MB.
System memory in use after: 94.1 MB.

Unloading 16 unused Assets to reduce memory usage. Loaded Objects now: 2310.
Total: 3.262200 ms (FindLiveObjects: 0.676200 ms CreateObjectMapping: 0.088200 ms MarkObjects: 2.353600 ms  DeleteObjects: 0.142200 ms)

========================================================================
Received Prepare
Registering precompiled user dll's ...
Registered in 0.039012 seconds.
Begin MonoManager ReloadAssembly
Native extension for WindowsStandalone target not found
Native extension for WebGL target not found
Refreshing native plugins compatible for Editor in 0.47 ms, found 2 plugins.
Preloading 0 native plugins for Editor in 0.00 ms.
Mono: successfully reloaded assembly
- Completed reload, in  1.636 seconds
Platform modules already initialized, skipping
Refreshing native plugins compatible for Editor in 0.52 ms, found 2 plugins.
Preloading 0 native plugins for Editor in 0.00 ms.
Unloading 1651 Unused Serialized files (Serialized files now loaded: 0)
System memory in use before: 94.0 MB.
System memory in use after: 94.1 MB.

Unloading 16 unused Assets to reduce memory usage. Loaded Objects now: 2313.
Total: 2.497100 ms (FindLiveObjects: 0.387700 ms CreateObjectMapping: 0.108100 ms MarkObjects: 1.853400 ms  DeleteObjects: 0.146700 ms)

========================================================================
Received Prepare
Registering precompiled user dll's ...
Registered in 0.021840 seconds.
Begin MonoManager ReloadAssembly
Native extension for WindowsStandalone target not found
Native extension for WebGL target not found
Refreshing native plugins compatible for Editor in 0.43 ms, found 2 plugins.
Preloading 0 native plugins for Editor in 0.00 ms.
Mono: successfully reloaded assembly
- Completed reload, in  1.464 seconds
Platform modules already initialized, skipping
Refreshing native plugins compatible for Editor in 0.42 ms, found 2 plugins.
Preloading 0 native plugins for Editor in 0.00 ms.
Unloading 1651 Unused Serialized files (Serialized files now loaded: 0)
System memory in use before: 94.0 MB.
System memory in use after: 94.1 MB.

Unloading 16 unused Assets to reduce memory usage. Loaded Objects now: 2316.
Total: 2.198900 ms (FindLiveObjects: 0.237900 ms CreateObjectMapping: 0.055200 ms MarkObjects: 1.768700 ms  DeleteObjects: 0.136000 ms)

========================================================================
Received Import Request.
  Time since last request: 325.116022 seconds.
  path: Assets/Scripts/GameManager.cs
  artifactKey: Guid(18fa94ad94041874f982b7c61e540dad) Importer(815301076,1909f56bfc062723c751e8b465ee728b)
Start importing Assets/Scripts/GameManager.cs using Guid(18fa94ad94041874f982b7c61e540dad) Importer(815301076,1909f56bfc062723c751e8b465ee728b)  -> (artifact id: '346c69d44bb6fcc027e34bc4bbe9b6ec') in 0.013392 seconds
  Import took 0.019311 seconds .

========================================================================
Received Prepare
Registering precompiled user dll's ...
Registered in 0.039986 seconds.
Begin MonoManager ReloadAssembly
Native extension for WindowsStandalone target not found
Native extension for WebGL target not found
Refreshing native plugins compatible for Editor in 0.43 ms, found 2 plugins.
Preloading 0 native plugins for Editor in 0.00 ms.
Mono: successfully reloaded assembly
- Completed reload, in  1.452 seconds
Platform modules already initialized, skipping
Refreshing native plugins compatible for Editor in 0.42 ms, found 2 plugins.
Preloading 0 native plugins for Editor in 0.00 ms.
Unloading 1651 Unused Serialized files (Serialized files now loaded: 0)
System memory in use before: 94.0 MB.
System memory in use after: 94.1 MB.

Unloading 16 unused Assets to reduce memory usage. Loaded Objects now: 2319.
Total: 3.057400 ms (FindLiveObjects: 0.262200 ms CreateObjectMapping: 0.058200 ms MarkObjects: 2.606600 ms  DeleteObjects: 0.128800 ms)

========================================================================
Received Prepare
Registering precompiled user dll's ...
Registered in 0.024995 seconds.
Begin MonoManager ReloadAssembly
Native extension for WindowsStandalone target not found
Native extension for WebGL target not found
Refreshing native plugins compatible for Editor in 0.43 ms, found 2 plugins.
Preloading 0 native plugins for Editor in 0.00 ms.
Mono: successfully reloaded assembly
- Completed reload, in  1.373 seconds
Platform modules already initialized, skipping
Refreshing native plugins compatible for Editor in 0.50 ms, found 2 plugins.
Preloading 0 native plugins for Editor in 0.00 ms.
Unloading 1651 Unused Serialized files (Serialized files now loaded: 0)
System memory in use before: 94.0 MB.
System memory in use after: 94.1 MB.

Unloading 16 unused Assets to reduce memory usage. Loaded Objects now: 2322.
Total: 2.914700 ms (FindLiveObjects: 0.504800 ms CreateObjectMapping: 0.065400 ms MarkObjects: 2.235000 ms  DeleteObjects: 0.108200 ms)

========================================================================
Received Prepare
Registering precompiled user dll's ...
Registered in 0.024041 seconds.
Begin MonoManager ReloadAssembly
Native extension for WindowsStandalone target not found
Native extension for WebGL target not found
Refreshing native plugins compatible for Editor in 0.77 ms, found 2 plugins.
Preloading 0 native plugins for Editor in 0.00 ms.
Mono: successfully reloaded assembly
- Completed reload, in  1.515 seconds
Platform modules already initialized, skipping
Refreshing native plugins compatible for Editor in 0.66 ms, found 2 plugins.
Preloading 0 native plugins for Editor in 0.00 ms.
Unloading 1651 Unused Serialized files (Serialized files now loaded: 0)
System memory in use before: 94.0 MB.
System memory in use after: 94.1 MB.

Unloading 16 unused Assets to reduce memory usage. Loaded Objects now: 2325.
Total: 2.625900 ms (FindLiveObjects: 0.404000 ms CreateObjectMapping: 0.059300 ms MarkObjects: 2.042400 ms  DeleteObjects: 0.117800 ms)

========================================================================
Received Prepare
Registering precompiled user dll's ...
Registered in 0.024039 seconds.
Begin MonoManager ReloadAssembly
Native extension for WindowsStandalone target not found
Native extension for WebGL target not found
Refreshing native plugins compatible for Editor in 0.47 ms, found 2 plugins.
Preloading 0 native plugins for Editor in 0.00 ms.
Mono: successfully reloaded assembly
- Completed reload, in  1.533 seconds
Platform modules already initialized, skipping
Refreshing native plugins compatible for Editor in 0.44 ms, found 2 plugins.
Preloading 0 native plugins for Editor in 0.00 ms.
Unloading 1651 Unused Serialized files (Serialized files now loaded: 0)
System memory in use before: 94.0 MB.
System memory in use after: 94.1 MB.

Unloading 16 unused Assets to reduce memory usage. Loaded Objects now: 2328.
Total: 3.076900 ms (FindLiveObjects: 0.294400 ms CreateObjectMapping: 0.101700 ms MarkObjects: 2.527900 ms  DeleteObjects: 0.130700 ms)

========================================================================
Received Prepare
Registering precompiled user dll's ...
Registered in 0.025583 seconds.
Begin MonoManager ReloadAssembly
Native extension for WindowsStandalone target not found
Native extension for WebGL target not found
Refreshing native plugins compatible for Editor in 0.45 ms, found 2 plugins.
Preloading 0 native plugins for Editor in 0.00 ms.
Mono: successfully reloaded assembly
- Completed reload, in  1.508 seconds
Platform modules already initialized, skipping
Refreshing native plugins compatible for Editor in 0.48 ms, found 2 plugins.
Preloading 0 native plugins for Editor in 0.00 ms.
Unloading 1651 Unused Serialized files (Serialized files now loaded: 0)
System memory in use before: 94.0 MB.
System memory in use after: 94.1 MB.

Unloading 16 unused Assets to reduce memory usage. Loaded Objects now: 2331.
Total: 3.534900 ms (FindLiveObjects: 0.433400 ms CreateObjectMapping: 0.131000 ms MarkObjects: 2.854400 ms  DeleteObjects: 0.113600 ms)

========================================================================
Received Prepare
Registering precompiled user dll's ...
Registered in 0.026675 seconds.
Begin MonoManager ReloadAssembly
Native extension for WindowsStandalone target not found
Native extension for WebGL target not found
Refreshing native plugins compatible for Editor in 0.84 ms, found 2 plugins.
Preloading 0 native plugins for Editor in 0.00 ms.
Mono: successfully reloaded assembly
- Completed reload, in  1.867 seconds
Platform modules already initialized, skipping
Refreshing native plugins compatible for Editor in 0.80 ms, found 2 plugins.
Preloading 0 native plugins for Editor in 0.00 ms.
Unloading 1651 Unused Serialized files (Serialized files now loaded: 0)
System memory in use before: 94.0 MB.
System memory in use after: 94.1 MB.

Unloading 16 unused Assets to reduce memory usage. Loaded Objects now: 2334.
Total: 3.316000 ms (FindLiveObjects: 0.498000 ms CreateObjectMapping: 0.180100 ms MarkObjects: 2.531200 ms  DeleteObjects: 0.104800 ms)

========================================================================
Received Prepare
Registering precompiled user dll's ...
Registered in 0.024052 seconds.
Begin MonoManager ReloadAssembly
Native extension for WindowsStandalone target not found
Native extension for WebGL target not found
Refreshing native plugins compatible for Editor in 0.68 ms, found 2 plugins.
Preloading 0 native plugins for Editor in 0.00 ms.
Mono: successfully reloaded assembly
- Completed reload, in  1.451 seconds
Platform modules already initialized, skipping
Refreshing native plugins compatible for Editor in 0.44 ms, found 2 plugins.
Preloading 0 native plugins for Editor in 0.00 ms.
Unloading 1651 Unused Serialized files (Serialized files now loaded: 0)
System memory in use before: 94.0 MB.
System memory in use after: 94.1 MB.

Unloading 16 unused Assets to reduce memory usage. Loaded Objects now: 2337.
Total: 2.668800 ms (FindLiveObjects: 0.330300 ms CreateObjectMapping: 0.093400 ms MarkObjects: 2.125600 ms  DeleteObjects: 0.118500 ms)

========================================================================
Received Prepare
Registering precompiled user dll's ...
Registered in 0.038272 seconds.
Begin MonoManager ReloadAssembly
Native extension for WindowsStandalone target not found
Native extension for WebGL target not found
Refreshing native plugins compatible for Editor in 0.52 ms, found 2 plugins.
Preloading 0 native plugins for Editor in 0.00 ms.
Mono: successfully reloaded assembly
- Completed reload, in  1.574 seconds
Platform modules already initialized, skipping
Refreshing native plugins compatible for Editor in 0.42 ms, found 2 plugins.
Preloading 0 native plugins for Editor in 0.00 ms.
Unloading 1651 Unused Serialized files (Serialized files now loaded: 0)
System memory in use before: 94.1 MB.
System memory in use after: 94.1 MB.

Unloading 16 unused Assets to reduce memory usage. Loaded Objects now: 2340.
Total: 3.852000 ms (FindLiveObjects: 0.235100 ms CreateObjectMapping: 0.064600 ms MarkObjects: 3.432600 ms  DeleteObjects: 0.118200 ms)

========================================================================
Received Prepare
Registering precompiled user dll's ...
Registered in 0.022644 seconds.
Begin MonoManager ReloadAssembly
Native extension for WindowsStandalone target not found
Native extension for WebGL target not found
Refreshing native plugins compatible for Editor in 0.47 ms, found 2 plugins.
Preloading 0 native plugins for Editor in 0.00 ms.
Mono: successfully reloaded assembly
- Completed reload, in  2.271 seconds
Platform modules already initialized, skipping
Refreshing native plugins compatible for Editor in 0.70 ms, found 2 plugins.
Preloading 0 native plugins for Editor in 0.00 ms.
Unloading 1651 Unused Serialized files (Serialized files now loaded: 0)
System memory in use before: 94.1 MB.
System memory in use after: 94.1 MB.

Unloading 16 unused Assets to reduce memory usage. Loaded Objects now: 2343.
Total: 2.862000 ms (FindLiveObjects: 0.569400 ms CreateObjectMapping: 0.060200 ms MarkObjects: 2.092400 ms  DeleteObjects: 0.137500 ms)

========================================================================
Received Prepare
Registering precompiled user dll's ...
Registered in 0.030482 seconds.
Begin MonoManager ReloadAssembly
Native extension for WindowsStandalone target not found
Native extension for WebGL target not found
Refreshing native plugins compatible for Editor in 0.47 ms, found 2 plugins.
Preloading 0 native plugins for Editor in 0.00 ms.
Mono: successfully reloaded assembly
- Completed reload, in  1.457 seconds
Platform modules already initialized, skipping
Refreshing native plugins compatible for Editor in 0.56 ms, found 2 plugins.
Preloading 0 native plugins for Editor in 0.00 ms.
Unloading 1651 Unused Serialized files (Serialized files now loaded: 0)
System memory in use before: 94.1 MB.
System memory in use after: 94.1 MB.

Unloading 16 unused Assets to reduce memory usage. Loaded Objects now: 2346.
Total: 4.645500 ms (FindLiveObjects: 1.821700 ms CreateObjectMapping: 0.291100 ms MarkObjects: 2.425100 ms  DeleteObjects: 0.098100 ms)

========================================================================
Received Prepare
Registering precompiled user dll's ...
Registered in 0.027044 seconds.
Begin MonoManager ReloadAssembly
Native extension for WindowsStandalone target not found
Native extension for WebGL target not found
Refreshing native plugins compatible for Editor in 0.54 ms, found 2 plugins.
Preloading 0 native plugins for Editor in 0.00 ms.
Mono: successfully reloaded assembly
- Completed reload, in  1.654 seconds
Platform modules already initialized, skipping
Refreshing native plugins compatible for Editor in 0.52 ms, found 2 plugins.
Preloading 0 native plugins for Editor in 0.00 ms.
Unloading 1651 Unused Serialized files (Serialized files now loaded: 0)
System memory in use before: 94.1 MB.
System memory in use after: 94.2 MB.

Unloading 16 unused Assets to reduce memory usage. Loaded Objects now: 2349.
Total: 2.467300 ms (FindLiveObjects: 0.238000 ms CreateObjectMapping: 0.111700 ms MarkObjects: 1.995100 ms  DeleteObjects: 0.107700 ms)

========================================================================
Received Prepare
Registering precompiled user dll's ...
Registered in 0.030847 seconds.
Begin MonoManager ReloadAssembly
Native extension for WindowsStandalone target not found
Native extension for WebGL target not found
Refreshing native plugins compatible for Editor in 0.45 ms, found 2 plugins.
Preloading 0 native plugins for Editor in 0.00 ms.
Mono: successfully reloaded assembly
- Completed reload, in  1.436 seconds
Platform modules already initialized, skipping
Refreshing native plugins compatible for Editor in 0.44 ms, found 2 plugins.
Preloading 0 native plugins for Editor in 0.00 ms.
Unloading 1651 Unused Serialized files (Serialized files now loaded: 0)
System memory in use before: 94.1 MB.
System memory in use after: 94.2 MB.

Unloading 16 unused Assets to reduce memory usage. Loaded Objects now: 2352.
Total: 3.034700 ms (FindLiveObjects: 0.598200 ms CreateObjectMapping: 0.177000 ms MarkObjects: 2.141700 ms  DeleteObjects: 0.116100 ms)

========================================================================
Received Prepare
Registering precompiled user dll's ...
Registered in 0.023854 seconds.
Begin MonoManager ReloadAssembly
Native extension for WindowsStandalone target not found
Native extension for WebGL target not found
Refreshing native plugins compatible for Editor in 0.45 ms, found 2 plugins.
Preloading 0 native plugins for Editor in 0.00 ms.
Mono: successfully reloaded assembly
- Completed reload, in  1.447 seconds
Platform modules already initialized, skipping
Refreshing native plugins compatible for Editor in 0.46 ms, found 2 plugins.
Preloading 0 native plugins for Editor in 0.00 ms.
Unloading 1651 Unused Serialized files (Serialized files now loaded: 0)
System memory in use before: 94.1 MB.
System memory in use after: 94.2 MB.

Unloading 16 unused Assets to reduce memory usage. Loaded Objects now: 2355.
Total: 3.106300 ms (FindLiveObjects: 0.363100 ms CreateObjectMapping: 0.104900 ms MarkObjects: 2.535400 ms  DeleteObjects: 0.101000 ms)

========================================================================
Received Prepare
Registering precompiled user dll's ...
Registered in 0.027614 seconds.
Begin MonoManager ReloadAssembly
Native extension for WindowsStandalone target not found
Native extension for WebGL target not found
Refreshing native plugins compatible for Editor in 0.57 ms, found 2 plugins.
Preloading 0 native plugins for Editor in 0.00 ms.
Mono: successfully reloaded assembly
- Completed reload, in  1.542 seconds
Platform modules already initialized, skipping
Refreshing native plugins compatible for Editor in 0.47 ms, found 2 plugins.
Preloading 0 native plugins for Editor in 0.00 ms.
Unloading 1651 Unused Serialized files (Serialized files now loaded: 0)
System memory in use before: 94.1 MB.
System memory in use after: 94.2 MB.

Unloading 16 unused Assets to reduce memory usage. Loaded Objects now: 2358.
Total: 2.944000 ms (FindLiveObjects: 0.432900 ms CreateObjectMapping: 0.090200 ms MarkObjects: 2.297500 ms  DeleteObjects: 0.121800 ms)

========================================================================
Received Prepare
Registering precompiled user dll's ...
Registered in 0.031530 seconds.
Begin MonoManager ReloadAssembly
Native extension for WindowsStandalone target not found
Native extension for WebGL target not found
Refreshing native plugins compatible for Editor in 0.42 ms, found 2 plugins.
Preloading 0 native plugins for Editor in 0.00 ms.
Mono: successfully reloaded assembly
- Completed reload, in  1.473 seconds
Platform modules already initialized, skipping
Refreshing native plugins compatible for Editor in 0.44 ms, found 2 plugins.
Preloading 0 native plugins for Editor in 0.00 ms.
Unloading 1651 Unused Serialized files (Serialized files now loaded: 0)
System memory in use before: 94.1 MB.
System memory in use after: 94.2 MB.

Unloading 16 unused Assets to reduce memory usage. Loaded Objects now: 2361.
Total: 3.279900 ms (FindLiveObjects: 0.351600 ms CreateObjectMapping: 0.102900 ms MarkObjects: 2.729400 ms  DeleteObjects: 0.094200 ms)

========================================================================
Received Import Request.
  Time since last request: 1948.146878 seconds.
  path: Assets/Prefabs/Goal (1).prefab
  artifactKey: Guid(0536ed5ddd8e52741b26d57d08f91633) Importer(815301076,1909f56bfc062723c751e8b465ee728b)
Start importing Assets/Prefabs/Goal (1).prefab using Guid(0536ed5ddd8e52741b26d57d08f91633) Importer(815301076,1909f56bfc062723c751e8b465ee728b)  -> (artifact id: '9df696c3ac90b3d3c6b11c32d93183d4') in 0.119923 seconds
  Import took 0.123867 seconds .

========================================================================
Received Import Request.
  Time since last request: 15.513957 seconds.
  path: Assets/EffectExamples/FireExplosionEffects/Textures/LightningParticle.tif
  artifactKey: Guid(06e4a78c75e10c145a9156e32089ec9c) Importer(815301076,1909f56bfc062723c751e8b465ee728b)
Start importing Assets/EffectExamples/FireExplosionEffects/Textures/LightningParticle.tif using Guid(06e4a78c75e10c145a9156e32089ec9c) Importer(815301076,1909f56bfc062723c751e8b465ee728b)  -> (artifact id: '8a33c076a117b0c3cf2b4ab51a8b6260') in 0.086769 seconds
  Import took 0.092879 seconds .

========================================================================
Received Import Request.
  Time since last request: 0.000251 seconds.
  path: Assets/EffectExamples/Shared/Prefabs/ParticlesLight.prefab
  artifactKey: Guid(fa35d75604d172d48b7a6b62a07c7dbf) Importer(815301076,1909f56bfc062723c751e8b465ee728b)
Start importing Assets/EffectExamples/Shared/Prefabs/ParticlesLight.prefab using Guid(fa35d75604d172d48b7a6b62a07c7dbf) Importer(815301076,1909f56bfc062723c751e8b465ee728b)  -> (artifact id: '57a39cb2868c627575d616c8a13ada7d') in 0.017593 seconds
  Import took 0.022316 seconds .

========================================================================
Received Import Request.
  Time since last request: 0.000265 seconds.
  path: Assets/Vast Outer Space/Materials/Star_Light_Blue.mat
  artifactKey: Guid(42addd1b32355f94faec6b525df89616) Importer(815301076,1909f56bfc062723c751e8b465ee728b)
Start importing Assets/Vast Outer Space/Materials/Star_Light_Blue.mat using Guid(42addd1b32355f94faec6b525df89616) Importer(815301076,1909f56bfc062723c751e8b465ee728b)  -> (artifact id: 'c0a783c5bf642a041e70b45e83188420') in 0.068970 seconds
  Import took 0.075328 seconds .

========================================================================
Received Import Request.
  Time since last request: 0.000644 seconds.
  path: Assets/Vast Outer Space/Textures/Star_Light_Blue.png
  artifactKey: Guid(57f6d772771c30a4abe68fdc4b216e7e) Importer(815301076,1909f56bfc062723c751e8b465ee728b)
Start importing Assets/Vast Outer Space/Textures/Star_Light_Blue.png using Guid(57f6d772771c30a4abe68fdc4b216e7e) Importer(815301076,1909f56bfc062723c751e8b465ee728b)  -> (artifact id: '516948deb90415dd977371eeec84dd28') in 0.051333 seconds
  Import took 0.055101 seconds .

========================================================================
Received Import Request.
  Time since last request: 27.050821 seconds.
  path: Assets/Prefabs/Goal (1).prefab
  artifactKey: Guid(0536ed5ddd8e52741b26d57d08f91633) Importer(815301076,1909f56bfc062723c751e8b465ee728b)
Start importing Assets/Prefabs/Goal (1).prefab using Guid(0536ed5ddd8e52741b26d57d08f91633) Importer(815301076,1909f56bfc062723c751e8b465ee728b)  -> (artifact id: '09a8f168de1b4c17ecc7b91815c6115c') in 0.049755 seconds
  Import took 0.058087 seconds .

========================================================================
Received Import Request.
  Time since last request: 25.751677 seconds.
  path: Assets/Prefabs/Goal (1).prefab
  artifactKey: Guid(0536ed5ddd8e52741b26d57d08f91633) Importer(815301076,1909f56bfc062723c751e8b465ee728b)
Start importing Assets/Prefabs/Goal (1).prefab using Guid(0536ed5ddd8e52741b26d57d08f91633) Importer(815301076,1909f56bfc062723c751e8b465ee728b)  -> (artifact id: '46e2a3481d3a93eb5894bf3557bc3eb0') in 0.032218 seconds
  Import took 0.040396 seconds .

========================================================================
Received Import Request.
  Time since last request: 14.085391 seconds.
  path: Assets/Prefabs/Goal (1).prefab
  artifactKey: Guid(0536ed5ddd8e52741b26d57d08f91633) Importer(815301076,1909f56bfc062723c751e8b465ee728b)
Start importing Assets/Prefabs/Goal (1).prefab using Guid(0536ed5ddd8e52741b26d57d08f91633) Importer(815301076,1909f56bfc062723c751e8b465ee728b)  -> (artifact id: '02cd871f25181d1ac07fb698e28193f5') in 0.051560 seconds
  Import took 0.057742 seconds .

========================================================================
Received Import Request.
  Time since last request: 12.126663 seconds.
  path: Assets/Prefabs/Goal (1).prefab
  artifactKey: Guid(0536ed5ddd8e52741b26d57d08f91633) Importer(815301076,1909f56bfc062723c751e8b465ee728b)
Start importing Assets/Prefabs/Goal (1).prefab using Guid(0536ed5ddd8e52741b26d57d08f91633) Importer(815301076,1909f56bfc062723c751e8b465ee728b)  -> (artifact id: 'b3ce947ad30b25880b7e08ba21484cf2') in 0.047337 seconds
  Import took 0.053573 seconds .

========================================================================
Received Import Request.
  Time since last request: 8.987416 seconds.
  path: Assets/Prefabs/Goal (1).prefab
  artifactKey: Guid(0536ed5ddd8e52741b26d57d08f91633) Importer(815301076,1909f56bfc062723c751e8b465ee728b)
Start importing Assets/Prefabs/Goal (1).prefab using Guid(0536ed5ddd8e52741b26d57d08f91633) Importer(815301076,1909f56bfc062723c751e8b465ee728b)  -> (artifact id: 'dd706aa34165873ee31b741babb44369') in 0.083702 seconds
  Import took 0.095468 seconds .

========================================================================
Received Import Request.
  Time since last request: 17.133914 seconds.
  path: Assets/Prefabs/Laser.prefab
  artifactKey: Guid(8d6cff780c4637645a7a1aea4995a609) Importer(815301076,1909f56bfc062723c751e8b465ee728b)
Start importing Assets/Prefabs/Laser.prefab using Guid(8d6cff780c4637645a7a1aea4995a609) Importer(815301076,1909f56bfc062723c751e8b465ee728b)  -> (artifact id: 'a65fdf3acd311eeeadeb3b7985e67948') in 0.055527 seconds
  Import took 0.065066 seconds .

========================================================================
Received Import Request.
  Time since last request: 6.461724 seconds.
  path: Assets/Prefabs/Laser.prefab
  artifactKey: Guid(8d6cff780c4637645a7a1aea4995a609) Importer(815301076,1909f56bfc062723c751e8b465ee728b)
Start importing Assets/Prefabs/Laser.prefab using Guid(8d6cff780c4637645a7a1aea4995a609) Importer(815301076,1909f56bfc062723c751e8b465ee728b)  -> (artifact id: '7410630fb24e61919b4699f4b820c02c') in 0.049426 seconds
  Import took 0.058018 seconds .

========================================================================
Received Prepare
Registering precompiled user dll's ...
Registered in 0.046612 seconds.
Begin MonoManager ReloadAssembly
Native extension for WindowsStandalone target not found
Native extension for WebGL target not found
Refreshing native plugins compatible for Editor in 0.41 ms, found 2 plugins.
Preloading 0 native plugins for Editor in 0.00 ms.
Mono: successfully reloaded assembly
- Completed reload, in  1.363 seconds
Platform modules already initialized, skipping
Refreshing native plugins compatible for Editor in 0.62 ms, found 2 plugins.
Preloading 0 native plugins for Editor in 0.00 ms.
Unloading 1651 Unused Serialized files (Serialized files now loaded: 0)
System memory in use before: 94.1 MB.
System memory in use after: 94.2 MB.

Unloading 16 unused Assets to reduce memory usage. Loaded Objects now: 2366.
Total: 3.309000 ms (FindLiveObjects: 0.425700 ms CreateObjectMapping: 0.088800 ms MarkObjects: 2.673000 ms  DeleteObjects: 0.120000 ms)

========================================================================
Received Import Request.
  Time since last request: 28.352911 seconds.
  path: Assets/Prefabs/Goal (1).prefab
  artifactKey: Guid(0536ed5ddd8e52741b26d57d08f91633) Importer(815301076,1909f56bfc062723c751e8b465ee728b)
Start importing Assets/Prefabs/Goal (1).prefab using Guid(0536ed5ddd8e52741b26d57d08f91633) Importer(815301076,1909f56bfc062723c751e8b465ee728b)  -> (artifact id: 'db02f7b45cc0040ebcdc21efab7cd345') in 0.116791 seconds
  Import took 0.121461 seconds .

========================================================================
Received Import Request.
  Time since last request: 8.198018 seconds.
  path: Assets/Prefabs/Goal (1).prefab
  artifactKey: Guid(0536ed5ddd8e52741b26d57d08f91633) Importer(815301076,1909f56bfc062723c751e8b465ee728b)
Start importing Assets/Prefabs/Goal (1).prefab using Guid(0536ed5ddd8e52741b26d57d08f91633) Importer(815301076,1909f56bfc062723c751e8b465ee728b)  -> (artifact id: '32e83c14d66c38c5a6fd4223d08a461f') in 0.054798 seconds
  Import took 0.059029 seconds .

========================================================================
Received Import Request.
  Time since last request: 5.687841 seconds.
  path: Assets/Prefabs/Goal (1).prefab
  artifactKey: Guid(0536ed5ddd8e52741b26d57d08f91633) Importer(815301076,1909f56bfc062723c751e8b465ee728b)
Start importing Assets/Prefabs/Goal (1).prefab using Guid(0536ed5ddd8e52741b26d57d08f91633) Importer(815301076,1909f56bfc062723c751e8b465ee728b)  -> (artifact id: '7af0541cd01b6d29b9a4e1e0081bf619') in 0.035761 seconds
  Import took 0.043060 seconds .

========================================================================
Received Prepare
Registering precompiled user dll's ...
Registered in 0.051966 seconds.
Begin MonoManager ReloadAssembly
Native extension for WindowsStandalone target not found
Native extension for WebGL target not found
Refreshing native plugins compatible for Editor in 0.65 ms, found 2 plugins.
Preloading 0 native plugins for Editor in 0.00 ms.
Mono: successfully reloaded assembly
- Completed reload, in  2.505 seconds
Platform modules already initialized, skipping
Refreshing native plugins compatible for Editor in 0.88 ms, found 2 plugins.
Preloading 0 native plugins for Editor in 0.00 ms.
Unloading 1651 Unused Serialized files (Serialized files now loaded: 0)
System memory in use before: 94.1 MB.
System memory in use after: 94.2 MB.

Unloading 16 unused Assets to reduce memory usage. Loaded Objects now: 2370.
Total: 3.344200 ms (FindLiveObjects: 0.406200 ms CreateObjectMapping: 0.128700 ms MarkObjects: 2.714800 ms  DeleteObjects: 0.090200 ms)

========================================================================
Received Import Request.
  Time since last request: 74.827028 seconds.
  path: Assets/Prefabs/Goal (1).prefab
  artifactKey: Guid(0536ed5ddd8e52741b26d57d08f91633) Importer(815301076,1909f56bfc062723c751e8b465ee728b)
Start importing Assets/Prefabs/Goal (1).prefab using Guid(0536ed5ddd8e52741b26d57d08f91633) Importer(815301076,1909f56bfc062723c751e8b465ee728b)  -> (artifact id: '9094624962e39d54fc87f250c09160ff') in 0.169064 seconds
  Import took 0.173626 seconds .

========================================================================
Received Import Request.
  Time since last request: 1.665819 seconds.
  path: Assets/Prefabs/Goal (1).prefab
  artifactKey: Guid(0536ed5ddd8e52741b26d57d08f91633) Importer(815301076,1909f56bfc062723c751e8b465ee728b)
Start importing Assets/Prefabs/Goal (1).prefab using Guid(0536ed5ddd8e52741b26d57d08f91633) Importer(815301076,1909f56bfc062723c751e8b465ee728b)  -> (artifact id: 'fc1be00ac5939fc74ea1fef9756436a7') in 0.057025 seconds
  Import took 0.065388 seconds .

========================================================================
Received Import Request.
  Time since last request: 35.572585 seconds.
  path: Assets/Prefabs/Goal (1).prefab
  artifactKey: Guid(0536ed5ddd8e52741b26d57d08f91633) Importer(815301076,1909f56bfc062723c751e8b465ee728b)
Start importing Assets/Prefabs/Goal (1).prefab using Guid(0536ed5ddd8e52741b26d57d08f91633) Importer(815301076,1909f56bfc062723c751e8b465ee728b)  -> (artifact id: '700ba54a4bcdacf19d1c39618ffefa36') in 0.098871 seconds
  Import took 0.106135 seconds .

========================================================================
Received Import Request.
  Time since last request: 2.960176 seconds.
  path: Assets/Prefabs/Goal (1).prefab
  artifactKey: Guid(0536ed5ddd8e52741b26d57d08f91633) Importer(815301076,1909f56bfc062723c751e8b465ee728b)
Start importing Assets/Prefabs/Goal (1).prefab using Guid(0536ed5ddd8e52741b26d57d08f91633) Importer(815301076,1909f56bfc062723c751e8b465ee728b)  -> (artifact id: 'be8e1805585c7aec1669fd57f3d535be') in 0.035698 seconds
  Import took 0.041465 seconds .

========================================================================
Received Prepare
Registering precompiled user dll's ...
Registered in 0.038619 seconds.
Begin MonoManager ReloadAssembly
Native extension for WindowsStandalone target not found
Native extension for WebGL target not found
Refreshing native plugins compatible for Editor in 0.72 ms, found 2 plugins.
Preloading 0 native plugins for Editor in 0.00 ms.
Mono: successfully reloaded assembly
- Completed reload, in  1.960 seconds
Platform modules already initialized, skipping
Refreshing native plugins compatible for Editor in 0.52 ms, found 2 plugins.
Preloading 0 native plugins for Editor in 0.00 ms.
Unloading 1651 Unused Serialized files (Serialized files now loaded: 0)
System memory in use before: 94.1 MB.
System memory in use after: 94.2 MB.

Unloading 16 unused Assets to reduce memory usage. Loaded Objects now: 2374.
Total: 2.494800 ms (FindLiveObjects: 0.337200 ms CreateObjectMapping: 0.062500 ms MarkObjects: 1.928800 ms  DeleteObjects: 0.165000 ms)

========================================================================
Received Import Request.
  Time since last request: 272.429631 seconds.
  path: Assets/Prefabs/Goal (1).prefab
  artifactKey: Guid(0536ed5ddd8e52741b26d57d08f91633) Importer(815301076,1909f56bfc062723c751e8b465ee728b)
Start importing Assets/Prefabs/Goal (1).prefab using Guid(0536ed5ddd8e52741b26d57d08f91633) Importer(815301076,1909f56bfc062723c751e8b465ee728b)  -> (artifact id: 'aa19d7b6c79cc06ce6f831d8cfa4c418') in 0.123810 seconds
  Import took 0.135629 seconds .

========================================================================
Received Import Request.
  Time since last request: 14.562726 seconds.
  path: Assets/Prefabs/Goal (1).prefab
  artifactKey: Guid(0536ed5ddd8e52741b26d57d08f91633) Importer(815301076,1909f56bfc062723c751e8b465ee728b)
Start importing Assets/Prefabs/Goal (1).prefab using Guid(0536ed5ddd8e52741b26d57d08f91633) Importer(815301076,1909f56bfc062723c751e8b465ee728b)  -> (artifact id: '2907c35469dc8b7580130ba724a5b4df') in 0.370931 seconds
  Import took 0.377330 seconds .

========================================================================
Received Import Request.
  Time since last request: 0.129388 seconds.
  path: Assets/Prefabs/Goal (1).prefab
  artifactKey: Guid(0536ed5ddd8e52741b26d57d08f91633) Importer(815301076,1909f56bfc062723c751e8b465ee728b)
Start importing Assets/Prefabs/Goal (1).prefab using Guid(0536ed5ddd8e52741b26d57d08f91633) Importer(815301076,1909f56bfc062723c751e8b465ee728b)  -> (artifact id: '8c5c369518b15c7879fd83272d97db79') in 0.050036 seconds
  Import took 0.056470 seconds .

========================================================================
Received Import Request.
  Time since last request: 2.588077 seconds.
  path: Assets/Prefabs/Goal (1).prefab
  artifactKey: Guid(0536ed5ddd8e52741b26d57d08f91633) Importer(815301076,1909f56bfc062723c751e8b465ee728b)
Start importing Assets/Prefabs/Goal (1).prefab using Guid(0536ed5ddd8e52741b26d57d08f91633) Importer(815301076,1909f56bfc062723c751e8b465ee728b)  -> (artifact id: '86cb2d91d35773779020248fcc653f41') in 0.042693 seconds
  Import took 0.051201 seconds .

========================================================================
Received Import Request.
  Time since last request: 137.938879 seconds.
  path: Assets/Materials/Goal.mat
  artifactKey: Guid(5023c6f2d8fb283438d173cd5c462675) Importer(815301076,1909f56bfc062723c751e8b465ee728b)
Start importing Assets/Materials/Goal.mat using Guid(5023c6f2d8fb283438d173cd5c462675) Importer(815301076,1909f56bfc062723c751e8b465ee728b)  -> (artifact id: '121c5f5be45f6450d7ce180089df12a0') in 0.056541 seconds
  Import took 0.061523 seconds .

========================================================================
Received Prepare
Registering precompiled user dll's ...
Registered in 0.040048 seconds.
Begin MonoManager ReloadAssembly
Native extension for WindowsStandalone target not found
Native extension for WebGL target not found
Refreshing native plugins compatible for Editor in 0.78 ms, found 2 plugins.
Preloading 0 native plugins for Editor in 0.00 ms.
Mono: successfully reloaded assembly
- Completed reload, in  1.651 seconds
Platform modules already initialized, skipping
Refreshing native plugins compatible for Editor in 1.52 ms, found 2 plugins.
Preloading 0 native plugins for Editor in 0.00 ms.
Unloading 1651 Unused Serialized files (Serialized files now loaded: 0)
System memory in use before: 94.1 MB.
System memory in use after: 94.2 MB.

Unloading 16 unused Assets to reduce memory usage. Loaded Objects now: 2378.
Total: 4.557100 ms (FindLiveObjects: 0.805400 ms CreateObjectMapping: 0.241100 ms MarkObjects: 3.378800 ms  DeleteObjects: 0.128300 ms)

========================================================================
Received Import Request.
  Time since last request: 786.747880 seconds.
  path: Assets/Materials/Goal.mat
  artifactKey: Guid(5023c6f2d8fb283438d173cd5c462675) Importer(815301076,1909f56bfc062723c751e8b465ee728b)
Start importing Assets/Materials/Goal.mat using Guid(5023c6f2d8fb283438d173cd5c462675) Importer(815301076,1909f56bfc062723c751e8b465ee728b)  -> (artifact id: 'd9b33daa2e397ff830c95ff151a69137') in 0.142190 seconds
  Import took 0.147939 seconds .

AssetImportWorkerClient::OnTransportError - code=2 error=End of file
